ksh_core 172.16.246.60 20181101093950.944 ERROR [T-43] org.quartz.core.ErrorLogger[2425] - An error occurred while scanning for the next triggers to fire.
org.quartz.JobPersistenceException: Couldn't acquire next trigger: com.ycg.ksh.collect.schedule.DaySummaryBeginSchedule
	at org.quartz.impl.jdbcjobstore.JobStoreSupport.acquireNextTrigger(JobStoreSupport.java:2848)
	at org.quartz.impl.jdbcjobstore.JobStoreSupport$40.execute(JobStoreSupport.java:2759)
	at org.quartz.impl.jdbcjobstore.JobStoreSupport$40.execute(JobStoreSupport.java:2757)
	at org.quartz.impl.jdbcjobstore.JobStoreSupport.executeInNonManagedTXLock(JobStoreSupport.java:3787)
	at org.quartz.impl.jdbcjobstore.JobStoreSupport.acquireNextTriggers(JobStoreSupport.java:2756)
	at org.quartz.core.QuartzSchedulerThread.run(QuartzSchedulerThread.java:272)
Caused by: java.lang.ClassNotFoundException: com.ycg.ksh.collect.schedule.DaySummaryBeginSchedule
	at java.net.URLClassLoader.findClass(URLClassLoader.java:381)
	at java.lang.ClassLoader.loadClass(ClassLoader.java:424)
	at sun.misc.Launcher$AppClassLoader.loadClass(Launcher.java:335)
	at java.lang.ClassLoader.loadClass(ClassLoader.java:357)
	at org.springframework.util.ClassUtils.forName(ClassUtils.java:274)
	at org.springframework.scheduling.quartz.ResourceLoaderClassLoadHelper.loadClass(ResourceLoaderClassLoadHelper.java:81)
	at org.springframework.scheduling.quartz.ResourceLoaderClassLoadHelper.loadClass(ResourceLoaderClassLoadHelper.java:86)
	at org.quartz.impl.jdbcjobstore.StdJDBCDelegate.selectJobDetail(StdJDBCDelegate.java:852)
	at org.quartz.impl.jdbcjobstore.JobStoreSupport.acquireNextTrigger(JobStoreSupport.java:2816)
	... 5 common frames omitted
ksh_core 172.16.246.60 20181101094045.959 ERROR [T-43] org.quartz.core.ErrorLogger[2425] - An error occurred while scanning for the next triggers to fire.
org.quartz.JobPersistenceException: Couldn't acquire next trigger: com.ycg.ksh.collect.schedule.DaySummaryBeginSchedule
	at org.quartz.impl.jdbcjobstore.JobStoreSupport.acquireNextTrigger(JobStoreSupport.java:2848)
	at org.quartz.impl.jdbcjobstore.JobStoreSupport$40.execute(JobStoreSupport.java:2759)
	at org.quartz.impl.jdbcjobstore.JobStoreSupport$40.execute(JobStoreSupport.java:2757)
	at org.quartz.impl.jdbcjobstore.JobStoreSupport.executeInNonManagedTXLock(JobStoreSupport.java:3787)
	at org.quartz.impl.jdbcjobstore.JobStoreSupport.acquireNextTriggers(JobStoreSupport.java:2756)
	at org.quartz.core.QuartzSchedulerThread.run(QuartzSchedulerThread.java:272)
Caused by: java.lang.ClassNotFoundException: com.ycg.ksh.collect.schedule.DaySummaryBeginSchedule
	at java.net.URLClassLoader.findClass(URLClassLoader.java:381)
	at java.lang.ClassLoader.loadClass(ClassLoader.java:424)
	at sun.misc.Launcher$AppClassLoader.loadClass(Launcher.java:335)
	at java.lang.ClassLoader.loadClass(ClassLoader.java:357)
	at org.springframework.util.ClassUtils.forName(ClassUtils.java:274)
	at org.springframework.scheduling.quartz.ResourceLoaderClassLoadHelper.loadClass(ResourceLoaderClassLoadHelper.java:81)
	at org.springframework.scheduling.quartz.ResourceLoaderClassLoadHelper.loadClass(ResourceLoaderClassLoadHelper.java:86)
	at org.quartz.impl.jdbcjobstore.StdJDBCDelegate.selectJobDetail(StdJDBCDelegate.java:852)
	at org.quartz.impl.jdbcjobstore.JobStoreSupport.acquireNextTrigger(JobStoreSupport.java:2816)
	... 5 common frames omitted
ksh_core 172.16.246.60 20181101094346.355 ERROR [T-43] org.quartz.core.ErrorLogger[2425] - An error occurred while scanning for the next triggers to fire.
org.quartz.JobPersistenceException: Couldn't acquire next trigger: com.ycg.ksh.collect.schedule.DaySummaryBeginSchedule
	at org.quartz.impl.jdbcjobstore.JobStoreSupport.acquireNextTrigger(JobStoreSupport.java:2848)
	at org.quartz.impl.jdbcjobstore.JobStoreSupport$40.execute(JobStoreSupport.java:2759)
	at org.quartz.impl.jdbcjobstore.JobStoreSupport$40.execute(JobStoreSupport.java:2757)
	at org.quartz.impl.jdbcjobstore.JobStoreSupport.executeInNonManagedTXLock(JobStoreSupport.java:3787)
	at org.quartz.impl.jdbcjobstore.JobStoreSupport.acquireNextTriggers(JobStoreSupport.java:2756)
	at org.quartz.core.QuartzSchedulerThread.run(QuartzSchedulerThread.java:272)
Caused by: java.lang.ClassNotFoundException: com.ycg.ksh.collect.schedule.DaySummaryBeginSchedule
	at java.net.URLClassLoader.findClass(URLClassLoader.java:381)
	at java.lang.ClassLoader.loadClass(ClassLoader.java:424)
	at sun.misc.Launcher$AppClassLoader.loadClass(Launcher.java:335)
	at java.lang.ClassLoader.loadClass(ClassLoader.java:357)
	at org.springframework.util.ClassUtils.forName(ClassUtils.java:274)
	at org.springframework.scheduling.quartz.ResourceLoaderClassLoadHelper.loadClass(ResourceLoaderClassLoadHelper.java:81)
	at org.springframework.scheduling.quartz.ResourceLoaderClassLoadHelper.loadClass(ResourceLoaderClassLoadHelper.java:86)
	at org.quartz.impl.jdbcjobstore.StdJDBCDelegate.selectJobDetail(StdJDBCDelegate.java:852)
	at org.quartz.impl.jdbcjobstore.JobStoreSupport.acquireNextTrigger(JobStoreSupport.java:2816)
	... 5 common frames omitted
ksh_core 172.16.246.60 20181101094653.384 ERROR [T-43] org.quartz.core.ErrorLogger[2425] - An error occurred while scanning for the next triggers to fire.
org.quartz.JobPersistenceException: Couldn't acquire next trigger: com.ycg.ksh.collect.schedule.DaySummaryBeginSchedule
	at org.quartz.impl.jdbcjobstore.JobStoreSupport.acquireNextTrigger(JobStoreSupport.java:2848)
	at org.quartz.impl.jdbcjobstore.JobStoreSupport$40.execute(JobStoreSupport.java:2759)
	at org.quartz.impl.jdbcjobstore.JobStoreSupport$40.execute(JobStoreSupport.java:2757)
	at org.quartz.impl.jdbcjobstore.JobStoreSupport.executeInNonManagedTXLock(JobStoreSupport.java:3787)
	at org.quartz.impl.jdbcjobstore.JobStoreSupport.acquireNextTriggers(JobStoreSupport.java:2756)
	at org.quartz.core.QuartzSchedulerThread.run(QuartzSchedulerThread.java:272)
Caused by: java.lang.ClassNotFoundException: com.ycg.ksh.collect.schedule.DaySummaryBeginSchedule
	at java.net.URLClassLoader.findClass(URLClassLoader.java:381)
	at java.lang.ClassLoader.loadClass(ClassLoader.java:424)
	at sun.misc.Launcher$AppClassLoader.loadClass(Launcher.java:335)
	at java.lang.ClassLoader.loadClass(ClassLoader.java:357)
	at org.springframework.util.ClassUtils.forName(ClassUtils.java:274)
	at org.springframework.scheduling.quartz.ResourceLoaderClassLoadHelper.loadClass(ResourceLoaderClassLoadHelper.java:81)
	at org.springframework.scheduling.quartz.ResourceLoaderClassLoadHelper.loadClass(ResourceLoaderClassLoadHelper.java:86)
	at org.quartz.impl.jdbcjobstore.StdJDBCDelegate.selectJobDetail(StdJDBCDelegate.java:852)
	at org.quartz.impl.jdbcjobstore.JobStoreSupport.acquireNextTrigger(JobStoreSupport.java:2816)
	... 5 common frames omitted
ksh_core 172.16.246.60 20181101094857.290 ERROR [T-58] com.ycg.ksh.service.api.WechatService[299] - 用户行为发送微信消息异常 -> No provider available from registry 172.16.235.14:2181 for service com.ycg.ksh.adapter.api.MessageQueueService:1.0.0 on consumer 172.16.246.60 use dubbo version 2.0.1, please check status of providers(disabled, not registered or in blacklist).
com.alibaba.dubbo.rpc.RpcException: No provider available from registry 172.16.235.14:2181 for service com.ycg.ksh.adapter.api.MessageQueueService:1.0.0 on consumer 172.16.246.60 use dubbo version 2.0.1, please check status of providers(disabled, not registered or in blacklist).
	at com.alibaba.dubbo.registry.integration.RegistryDirectory.doList(RegistryDirectory.java:572)
	at com.alibaba.dubbo.rpc.cluster.directory.AbstractDirectory.list(AbstractDirectory.java:73)
	at com.alibaba.dubbo.rpc.cluster.support.AbstractClusterInvoker.list(AbstractClusterInvoker.java:265)
	at com.alibaba.dubbo.rpc.cluster.support.AbstractClusterInvoker.invoke(AbstractClusterInvoker.java:224)
	at com.alibaba.dubbo.rpc.cluster.support.wrapper.MockClusterInvoker.invoke(MockClusterInvoker.java:70)
	at com.alibaba.dubbo.rpc.proxy.InvokerInvocationHandler.invoke(InvokerInvocationHandler.java:51)
	at com.alibaba.dubbo.common.bytecode.proxy2.sendNetMessage(proxy2.java)
	at com.ycg.ksh.service.impl.WechatServiceImpl.notifyUserChange(WechatServiceImpl.java:295)
	at com.ycg.ksh.service.impl.UserServiceImpl.noticeUserObserverAdapter(UserServiceImpl.java:355)
	at com.ycg.ksh.service.impl.UserServiceImpl.login(UserServiceImpl.java:289)
	at com.alibaba.dubbo.common.bytecode.Wrapper7.invokeMethod(Wrapper7.java)
	at com.alibaba.dubbo.rpc.proxy.javassist.JavassistProxyFactory$1.doInvoke(JavassistProxyFactory.java:45)
	at com.alibaba.dubbo.rpc.proxy.AbstractProxyInvoker.invoke(AbstractProxyInvoker.java:71)
	at com.alibaba.dubbo.config.invoker.DelegateProviderMetaDataInvoker.invoke(DelegateProviderMetaDataInvoker.java:48)
	at com.alibaba.dubbo.rpc.protocol.InvokerWrapper.invoke(InvokerWrapper.java:52)
	at com.alibaba.dubbo.rpc.filter.ExceptionFilter.invoke(ExceptionFilter.java:61)
	at com.alibaba.dubbo.rpc.protocol.ProtocolFilterWrapper$1.invoke(ProtocolFilterWrapper.java:68)
	at com.alibaba.dubbo.monitor.support.MonitorFilter.invoke(MonitorFilter.java:74)
	at com.alibaba.dubbo.rpc.protocol.ProtocolFilterWrapper$1.invoke(ProtocolFilterWrapper.java:68)
	at com.alibaba.dubbo.rpc.filter.TimeoutFilter.invoke(TimeoutFilter.java:41)
	at com.alibaba.dubbo.rpc.protocol.ProtocolFilterWrapper$1.invoke(ProtocolFilterWrapper.java:68)
	at com.alibaba.dubbo.rpc.filter.AccessLogFilter.invoke(AccessLogFilter.java:154)
	at com.alibaba.dubbo.rpc.protocol.ProtocolFilterWrapper$1.invoke(ProtocolFilterWrapper.java:68)
	at com.alibaba.dubbo.rpc.protocol.dubbo.filter.TraceFilter.invoke(TraceFilter.java:77)
	at com.alibaba.dubbo.rpc.protocol.ProtocolFilterWrapper$1.invoke(ProtocolFilterWrapper.java:68)
	at com.alibaba.dubbo.rpc.filter.ContextFilter.invoke(ContextFilter.java:60)
	at com.alibaba.dubbo.rpc.protocol.ProtocolFilterWrapper$1.invoke(ProtocolFilterWrapper.java:68)
	at com.alibaba.dubbo.rpc.filter.GenericFilter.invoke(GenericFilter.java:131)
	at com.alibaba.dubbo.rpc.protocol.ProtocolFilterWrapper$1.invoke(ProtocolFilterWrapper.java:68)
	at com.alibaba.dubbo.rpc.filter.ClassLoaderFilter.invoke(ClassLoaderFilter.java:37)
	at com.alibaba.dubbo.rpc.protocol.ProtocolFilterWrapper$1.invoke(ProtocolFilterWrapper.java:68)
	at com.alibaba.dubbo.rpc.filter.EchoFilter.invoke(EchoFilter.java:37)
	at com.alibaba.dubbo.rpc.protocol.ProtocolFilterWrapper$1.invoke(ProtocolFilterWrapper.java:68)
	at com.alibaba.dubbo.rpc.protocol.dubbo.DubboProtocol$1.reply(DubboProtocol.java:95)
	at com.alibaba.dubbo.remoting.exchange.support.header.HeaderExchangeHandler.handleRequest(HeaderExchangeHandler.java:96)
	at com.alibaba.dubbo.remoting.exchange.support.header.HeaderExchangeHandler.received(HeaderExchangeHandler.java:168)
	at com.alibaba.dubbo.remoting.transport.DecodeHandler.received(DecodeHandler.java:50)
	at com.alibaba.dubbo.remoting.transport.dispatcher.ChannelEventRunnable.run(ChannelEventRunnable.java:79)
	at java.util.concurrent.ThreadPoolExecutor.runWorker(ThreadPoolExecutor.java:1142)
	at java.util.concurrent.ThreadPoolExecutor$Worker.run(ThreadPoolExecutor.java:617)
	at java.lang.Thread.run(Thread.java:748)
ksh_core 172.16.246.60 20181101094952.210 ERROR [T-39] org.quartz.core.ErrorLogger[2425] - An error occurred while scanning for the next triggers to fire.
org.quartz.JobPersistenceException: Couldn't acquire next trigger: com.ycg.ksh.collect.schedule.DaySummaryBeginSchedule
	at org.quartz.impl.jdbcjobstore.JobStoreSupport.acquireNextTrigger(JobStoreSupport.java:2848)
	at org.quartz.impl.jdbcjobstore.JobStoreSupport$40.execute(JobStoreSupport.java:2759)
	at org.quartz.impl.jdbcjobstore.JobStoreSupport$40.execute(JobStoreSupport.java:2757)
	at org.quartz.impl.jdbcjobstore.JobStoreSupport.executeInNonManagedTXLock(JobStoreSupport.java:3787)
	at org.quartz.impl.jdbcjobstore.JobStoreSupport.acquireNextTriggers(JobStoreSupport.java:2756)
	at org.quartz.core.QuartzSchedulerThread.run(QuartzSchedulerThread.java:272)
Caused by: java.lang.ClassNotFoundException: com.ycg.ksh.collect.schedule.DaySummaryBeginSchedule
	at java.net.URLClassLoader.findClass(URLClassLoader.java:381)
	at java.lang.ClassLoader.loadClass(ClassLoader.java:424)
	at sun.misc.Launcher$AppClassLoader.loadClass(Launcher.java:335)
	at java.lang.ClassLoader.loadClass(ClassLoader.java:357)
	at org.springframework.util.ClassUtils.forName(ClassUtils.java:274)
	at org.springframework.scheduling.quartz.ResourceLoaderClassLoadHelper.loadClass(ResourceLoaderClassLoadHelper.java:81)
	at org.springframework.scheduling.quartz.ResourceLoaderClassLoadHelper.loadClass(ResourceLoaderClassLoadHelper.java:86)
	at org.quartz.impl.jdbcjobstore.StdJDBCDelegate.selectJobDetail(StdJDBCDelegate.java:852)
	at org.quartz.impl.jdbcjobstore.JobStoreSupport.acquireNextTrigger(JobStoreSupport.java:2816)
	... 5 common frames omitted
ksh_core 172.16.246.60 20181101095152.773 ERROR [T-39] org.quartz.core.ErrorLogger[2425] - An error occurred while scanning for the next triggers to fire.
org.quartz.JobPersistenceException: Couldn't acquire next trigger: com.ycg.ksh.collect.schedule.DaySummaryBeginSchedule
	at org.quartz.impl.jdbcjobstore.JobStoreSupport.acquireNextTrigger(JobStoreSupport.java:2848)
	at org.quartz.impl.jdbcjobstore.JobStoreSupport$40.execute(JobStoreSupport.java:2759)
	at org.quartz.impl.jdbcjobstore.JobStoreSupport$40.execute(JobStoreSupport.java:2757)
	at org.quartz.impl.jdbcjobstore.JobStoreSupport.executeInNonManagedTXLock(JobStoreSupport.java:3787)
	at org.quartz.impl.jdbcjobstore.JobStoreSupport.acquireNextTriggers(JobStoreSupport.java:2756)
	at org.quartz.core.QuartzSchedulerThread.run(QuartzSchedulerThread.java:272)
Caused by: java.lang.ClassNotFoundException: com.ycg.ksh.collect.schedule.DaySummaryBeginSchedule
	at java.net.URLClassLoader.findClass(URLClassLoader.java:381)
	at java.lang.ClassLoader.loadClass(ClassLoader.java:424)
	at sun.misc.Launcher$AppClassLoader.loadClass(Launcher.java:335)
	at java.lang.ClassLoader.loadClass(ClassLoader.java:357)
	at org.springframework.util.ClassUtils.forName(ClassUtils.java:274)
	at org.springframework.scheduling.quartz.ResourceLoaderClassLoadHelper.loadClass(ResourceLoaderClassLoadHelper.java:81)
	at org.springframework.scheduling.quartz.ResourceLoaderClassLoadHelper.loadClass(ResourceLoaderClassLoadHelper.java:86)
	at org.quartz.impl.jdbcjobstore.StdJDBCDelegate.selectJobDetail(StdJDBCDelegate.java:852)
	at org.quartz.impl.jdbcjobstore.JobStoreSupport.acquireNextTrigger(JobStoreSupport.java:2816)
	... 5 common frames omitted
ksh_core 172.16.246.60 20181101095245.346 ERROR [T-39] org.quartz.core.ErrorLogger[2425] - An error occurred while scanning for the next triggers to fire.
org.quartz.JobPersistenceException: Couldn't acquire next trigger: com.ycg.ksh.collect.schedule.DaySummaryBeginSchedule
	at org.quartz.impl.jdbcjobstore.JobStoreSupport.acquireNextTrigger(JobStoreSupport.java:2848)
	at org.quartz.impl.jdbcjobstore.JobStoreSupport$40.execute(JobStoreSupport.java:2759)
	at org.quartz.impl.jdbcjobstore.JobStoreSupport$40.execute(JobStoreSupport.java:2757)
	at org.quartz.impl.jdbcjobstore.JobStoreSupport.executeInNonManagedTXLock(JobStoreSupport.java:3787)
	at org.quartz.impl.jdbcjobstore.JobStoreSupport.acquireNextTriggers(JobStoreSupport.java:2756)
	at org.quartz.core.QuartzSchedulerThread.run(QuartzSchedulerThread.java:272)
Caused by: java.lang.ClassNotFoundException: com.ycg.ksh.collect.schedule.DaySummaryBeginSchedule
	at java.net.URLClassLoader.findClass(URLClassLoader.java:381)
	at java.lang.ClassLoader.loadClass(ClassLoader.java:424)
	at sun.misc.Launcher$AppClassLoader.loadClass(Launcher.java:335)
	at java.lang.ClassLoader.loadClass(ClassLoader.java:357)
	at org.springframework.util.ClassUtils.forName(ClassUtils.java:274)
	at org.springframework.scheduling.quartz.ResourceLoaderClassLoadHelper.loadClass(ResourceLoaderClassLoadHelper.java:81)
	at org.springframework.scheduling.quartz.ResourceLoaderClassLoadHelper.loadClass(ResourceLoaderClassLoadHelper.java:86)
	at org.quartz.impl.jdbcjobstore.StdJDBCDelegate.selectJobDetail(StdJDBCDelegate.java:852)
	at org.quartz.impl.jdbcjobstore.JobStoreSupport.acquireNextTrigger(JobStoreSupport.java:2816)
	... 5 common frames omitted
ksh_core 172.16.246.60 20181101095348.013 ERROR [T-39] org.quartz.core.ErrorLogger[2425] - An error occurred while scanning for the next triggers to fire.
org.quartz.JobPersistenceException: Couldn't acquire next trigger: com.ycg.ksh.collect.schedule.DaySummaryBeginSchedule
	at org.quartz.impl.jdbcjobstore.JobStoreSupport.acquireNextTrigger(JobStoreSupport.java:2848)
	at org.quartz.impl.jdbcjobstore.JobStoreSupport$40.execute(JobStoreSupport.java:2759)
	at org.quartz.impl.jdbcjobstore.JobStoreSupport$40.execute(JobStoreSupport.java:2757)
	at org.quartz.impl.jdbcjobstore.JobStoreSupport.executeInNonManagedTXLock(JobStoreSupport.java:3787)
	at org.quartz.impl.jdbcjobstore.JobStoreSupport.acquireNextTriggers(JobStoreSupport.java:2756)
	at org.quartz.core.QuartzSchedulerThread.run(QuartzSchedulerThread.java:272)
Caused by: java.lang.ClassNotFoundException: com.ycg.ksh.collect.schedule.DaySummaryBeginSchedule
	at java.net.URLClassLoader.findClass(URLClassLoader.java:381)
	at java.lang.ClassLoader.loadClass(ClassLoader.java:424)
	at sun.misc.Launcher$AppClassLoader.loadClass(Launcher.java:335)
	at java.lang.ClassLoader.loadClass(ClassLoader.java:357)
	at org.springframework.util.ClassUtils.forName(ClassUtils.java:274)
	at org.springframework.scheduling.quartz.ResourceLoaderClassLoadHelper.loadClass(ResourceLoaderClassLoadHelper.java:81)
	at org.springframework.scheduling.quartz.ResourceLoaderClassLoadHelper.loadClass(ResourceLoaderClassLoadHelper.java:86)
	at org.quartz.impl.jdbcjobstore.StdJDBCDelegate.selectJobDetail(StdJDBCDelegate.java:852)
	at org.quartz.impl.jdbcjobstore.JobStoreSupport.acquireNextTrigger(JobStoreSupport.java:2816)
	... 5 common frames omitted
ksh_core 172.16.246.60 20181101095444.113 ERROR [T-39] org.quartz.core.ErrorLogger[2425] - An error occurred while scanning for the next triggers to fire.
org.quartz.JobPersistenceException: Couldn't acquire next trigger: com.ycg.ksh.collect.schedule.DaySummaryBeginSchedule
	at org.quartz.impl.jdbcjobstore.JobStoreSupport.acquireNextTrigger(JobStoreSupport.java:2848)
	at org.quartz.impl.jdbcjobstore.JobStoreSupport$40.execute(JobStoreSupport.java:2759)
	at org.quartz.impl.jdbcjobstore.JobStoreSupport$40.execute(JobStoreSupport.java:2757)
	at org.quartz.impl.jdbcjobstore.JobStoreSupport.executeInNonManagedTXLock(JobStoreSupport.java:3787)
	at org.quartz.impl.jdbcjobstore.JobStoreSupport.acquireNextTriggers(JobStoreSupport.java:2756)
	at org.quartz.core.QuartzSchedulerThread.run(QuartzSchedulerThread.java:272)
Caused by: java.lang.ClassNotFoundException: com.ycg.ksh.collect.schedule.DaySummaryBeginSchedule
	at java.net.URLClassLoader.findClass(URLClassLoader.java:381)
	at java.lang.ClassLoader.loadClass(ClassLoader.java:424)
	at sun.misc.Launcher$AppClassLoader.loadClass(Launcher.java:335)
	at java.lang.ClassLoader.loadClass(ClassLoader.java:357)
	at org.springframework.util.ClassUtils.forName(ClassUtils.java:274)
	at org.springframework.scheduling.quartz.ResourceLoaderClassLoadHelper.loadClass(ResourceLoaderClassLoadHelper.java:81)
	at org.springframework.scheduling.quartz.ResourceLoaderClassLoadHelper.loadClass(ResourceLoaderClassLoadHelper.java:86)
	at org.quartz.impl.jdbcjobstore.StdJDBCDelegate.selectJobDetail(StdJDBCDelegate.java:852)
	at org.quartz.impl.jdbcjobstore.JobStoreSupport.acquireNextTrigger(JobStoreSupport.java:2816)
	... 5 common frames omitted
ksh_core 172.16.246.60 20181101095532.022 ERROR [T-39] org.quartz.core.ErrorLogger[2425] - An error occurred while scanning for the next triggers to fire.
org.quartz.JobPersistenceException: Couldn't acquire next trigger: com.ycg.ksh.collect.schedule.DaySummaryBeginSchedule
	at org.quartz.impl.jdbcjobstore.JobStoreSupport.acquireNextTrigger(JobStoreSupport.java:2848)
	at org.quartz.impl.jdbcjobstore.JobStoreSupport$40.execute(JobStoreSupport.java:2759)
	at org.quartz.impl.jdbcjobstore.JobStoreSupport$40.execute(JobStoreSupport.java:2757)
	at org.quartz.impl.jdbcjobstore.JobStoreSupport.executeInNonManagedTXLock(JobStoreSupport.java:3787)
	at org.quartz.impl.jdbcjobstore.JobStoreSupport.acquireNextTriggers(JobStoreSupport.java:2756)
	at org.quartz.core.QuartzSchedulerThread.run(QuartzSchedulerThread.java:272)
Caused by: java.lang.ClassNotFoundException: com.ycg.ksh.collect.schedule.DaySummaryBeginSchedule
	at java.net.URLClassLoader.findClass(URLClassLoader.java:381)
	at java.lang.ClassLoader.loadClass(ClassLoader.java:424)
	at sun.misc.Launcher$AppClassLoader.loadClass(Launcher.java:335)
	at java.lang.ClassLoader.loadClass(ClassLoader.java:357)
	at org.springframework.util.ClassUtils.forName(ClassUtils.java:274)
	at org.springframework.scheduling.quartz.ResourceLoaderClassLoadHelper.loadClass(ResourceLoaderClassLoadHelper.java:81)
	at org.springframework.scheduling.quartz.ResourceLoaderClassLoadHelper.loadClass(ResourceLoaderClassLoadHelper.java:86)
	at org.quartz.impl.jdbcjobstore.StdJDBCDelegate.selectJobDetail(StdJDBCDelegate.java:852)
	at org.quartz.impl.jdbcjobstore.JobStoreSupport.acquireNextTrigger(JobStoreSupport.java:2816)
	... 5 common frames omitted
ksh_core 172.16.246.60 20181101095743.564 ERROR [T-39] org.quartz.core.ErrorLogger[2425] - An error occurred while scanning for the next triggers to fire.
org.quartz.JobPersistenceException: Couldn't acquire next trigger: com.ycg.ksh.collect.schedule.DaySummaryBeginSchedule
	at org.quartz.impl.jdbcjobstore.JobStoreSupport.acquireNextTrigger(JobStoreSupport.java:2848)
	at org.quartz.impl.jdbcjobstore.JobStoreSupport$40.execute(JobStoreSupport.java:2759)
	at org.quartz.impl.jdbcjobstore.JobStoreSupport$40.execute(JobStoreSupport.java:2757)
	at org.quartz.impl.jdbcjobstore.JobStoreSupport.executeInNonManagedTXLock(JobStoreSupport.java:3787)
	at org.quartz.impl.jdbcjobstore.JobStoreSupport.acquireNextTriggers(JobStoreSupport.java:2756)
	at org.quartz.core.QuartzSchedulerThread.run(QuartzSchedulerThread.java:272)
Caused by: java.lang.ClassNotFoundException: com.ycg.ksh.collect.schedule.DaySummaryBeginSchedule
	at java.net.URLClassLoader.findClass(URLClassLoader.java:381)
	at java.lang.ClassLoader.loadClass(ClassLoader.java:424)
	at sun.misc.Launcher$AppClassLoader.loadClass(Launcher.java:335)
	at java.lang.ClassLoader.loadClass(ClassLoader.java:357)
	at org.springframework.util.ClassUtils.forName(ClassUtils.java:274)
	at org.springframework.scheduling.quartz.ResourceLoaderClassLoadHelper.loadClass(ResourceLoaderClassLoadHelper.java:81)
	at org.springframework.scheduling.quartz.ResourceLoaderClassLoadHelper.loadClass(ResourceLoaderClassLoadHelper.java:86)
	at org.quartz.impl.jdbcjobstore.StdJDBCDelegate.selectJobDetail(StdJDBCDelegate.java:852)
	at org.quartz.impl.jdbcjobstore.JobStoreSupport.acquireNextTrigger(JobStoreSupport.java:2816)
	... 5 common frames omitted
ksh_core 172.16.246.60 20181101095844.118 ERROR [T-39] org.quartz.core.ErrorLogger[2425] - An error occurred while scanning for the next triggers to fire.
org.quartz.JobPersistenceException: Couldn't acquire next trigger: com.ycg.ksh.collect.schedule.DaySummaryBeginSchedule
	at org.quartz.impl.jdbcjobstore.JobStoreSupport.acquireNextTrigger(JobStoreSupport.java:2848)
	at org.quartz.impl.jdbcjobstore.JobStoreSupport$40.execute(JobStoreSupport.java:2759)
	at org.quartz.impl.jdbcjobstore.JobStoreSupport$40.execute(JobStoreSupport.java:2757)
	at org.quartz.impl.jdbcjobstore.JobStoreSupport.executeInNonManagedTXLock(JobStoreSupport.java:3787)
	at org.quartz.impl.jdbcjobstore.JobStoreSupport.acquireNextTriggers(JobStoreSupport.java:2756)
	at org.quartz.core.QuartzSchedulerThread.run(QuartzSchedulerThread.java:272)
Caused by: java.lang.ClassNotFoundException: com.ycg.ksh.collect.schedule.DaySummaryBeginSchedule
	at java.net.URLClassLoader.findClass(URLClassLoader.java:381)
	at java.lang.ClassLoader.loadClass(ClassLoader.java:424)
	at sun.misc.Launcher$AppClassLoader.loadClass(Launcher.java:335)
	at java.lang.ClassLoader.loadClass(ClassLoader.java:357)
	at org.springframework.util.ClassUtils.forName(ClassUtils.java:274)
	at org.springframework.scheduling.quartz.ResourceLoaderClassLoadHelper.loadClass(ResourceLoaderClassLoadHelper.java:81)
	at org.springframework.scheduling.quartz.ResourceLoaderClassLoadHelper.loadClass(ResourceLoaderClassLoadHelper.java:86)
	at org.quartz.impl.jdbcjobstore.StdJDBCDelegate.selectJobDetail(StdJDBCDelegate.java:852)
	at org.quartz.impl.jdbcjobstore.JobStoreSupport.acquireNextTrigger(JobStoreSupport.java:2816)
	... 5 common frames omitted
ksh_core 172.16.246.60 20181101100145.585 ERROR [T-39] org.quartz.core.ErrorLogger[2425] - An error occurred while scanning for the next triggers to fire.
org.quartz.JobPersistenceException: Couldn't acquire next trigger: com.ycg.ksh.collect.schedule.DaySummaryBeginSchedule
	at org.quartz.impl.jdbcjobstore.JobStoreSupport.acquireNextTrigger(JobStoreSupport.java:2848)
	at org.quartz.impl.jdbcjobstore.JobStoreSupport$40.execute(JobStoreSupport.java:2759)
	at org.quartz.impl.jdbcjobstore.JobStoreSupport$40.execute(JobStoreSupport.java:2757)
	at org.quartz.impl.jdbcjobstore.JobStoreSupport.executeInNonManagedTXLock(JobStoreSupport.java:3787)
	at org.quartz.impl.jdbcjobstore.JobStoreSupport.acquireNextTriggers(JobStoreSupport.java:2756)
	at org.quartz.core.QuartzSchedulerThread.run(QuartzSchedulerThread.java:272)
Caused by: java.lang.ClassNotFoundException: com.ycg.ksh.collect.schedule.DaySummaryBeginSchedule
	at java.net.URLClassLoader.findClass(URLClassLoader.java:381)
	at java.lang.ClassLoader.loadClass(ClassLoader.java:424)
	at sun.misc.Launcher$AppClassLoader.loadClass(Launcher.java:335)
	at java.lang.ClassLoader.loadClass(ClassLoader.java:357)
	at org.springframework.util.ClassUtils.forName(ClassUtils.java:274)
	at org.springframework.scheduling.quartz.ResourceLoaderClassLoadHelper.loadClass(ResourceLoaderClassLoadHelper.java:81)
	at org.springframework.scheduling.quartz.ResourceLoaderClassLoadHelper.loadClass(ResourceLoaderClassLoadHelper.java:86)
	at org.quartz.impl.jdbcjobstore.StdJDBCDelegate.selectJobDetail(StdJDBCDelegate.java:852)
	at org.quartz.impl.jdbcjobstore.JobStoreSupport.acquireNextTrigger(JobStoreSupport.java:2816)
	... 5 common frames omitted
ksh_core 172.16.246.60 20181101100446.287 ERROR [T-39] org.quartz.core.ErrorLogger[2425] - An error occurred while scanning for the next triggers to fire.
org.quartz.JobPersistenceException: Couldn't acquire next trigger: com.ycg.ksh.collect.schedule.DaySummaryBeginSchedule
	at org.quartz.impl.jdbcjobstore.JobStoreSupport.acquireNextTrigger(JobStoreSupport.java:2848)
	at org.quartz.impl.jdbcjobstore.JobStoreSupport$40.execute(JobStoreSupport.java:2759)
	at org.quartz.impl.jdbcjobstore.JobStoreSupport$40.execute(JobStoreSupport.java:2757)
	at org.quartz.impl.jdbcjobstore.JobStoreSupport.executeInNonManagedTXLock(JobStoreSupport.java:3787)
	at org.quartz.impl.jdbcjobstore.JobStoreSupport.acquireNextTriggers(JobStoreSupport.java:2756)
	at org.quartz.core.QuartzSchedulerThread.run(QuartzSchedulerThread.java:272)
Caused by: java.lang.ClassNotFoundException: com.ycg.ksh.collect.schedule.DaySummaryBeginSchedule
	at java.net.URLClassLoader.findClass(URLClassLoader.java:381)
	at java.lang.ClassLoader.loadClass(ClassLoader.java:424)
	at sun.misc.Launcher$AppClassLoader.loadClass(Launcher.java:335)
	at java.lang.ClassLoader.loadClass(ClassLoader.java:357)
	at org.springframework.util.ClassUtils.forName(ClassUtils.java:274)
	at org.springframework.scheduling.quartz.ResourceLoaderClassLoadHelper.loadClass(ResourceLoaderClassLoadHelper.java:81)
	at org.springframework.scheduling.quartz.ResourceLoaderClassLoadHelper.loadClass(ResourceLoaderClassLoadHelper.java:86)
	at org.quartz.impl.jdbcjobstore.StdJDBCDelegate.selectJobDetail(StdJDBCDelegate.java:852)
	at org.quartz.impl.jdbcjobstore.JobStoreSupport.acquireNextTrigger(JobStoreSupport.java:2816)
	... 5 common frames omitted
ksh_core 172.16.246.60 20181101100651.654 ERROR [T-39] org.quartz.core.ErrorLogger[2425] - An error occurred while scanning for the next triggers to fire.
org.quartz.JobPersistenceException: Couldn't acquire next trigger: com.ycg.ksh.collect.schedule.DaySummaryBeginSchedule
	at org.quartz.impl.jdbcjobstore.JobStoreSupport.acquireNextTrigger(JobStoreSupport.java:2848)
	at org.quartz.impl.jdbcjobstore.JobStoreSupport$40.execute(JobStoreSupport.java:2759)
	at org.quartz.impl.jdbcjobstore.JobStoreSupport$40.execute(JobStoreSupport.java:2757)
	at org.quartz.impl.jdbcjobstore.JobStoreSupport.executeInNonManagedTXLock(JobStoreSupport.java:3787)
	at org.quartz.impl.jdbcjobstore.JobStoreSupport.acquireNextTriggers(JobStoreSupport.java:2756)
	at org.quartz.core.QuartzSchedulerThread.run(QuartzSchedulerThread.java:272)
Caused by: java.lang.ClassNotFoundException: com.ycg.ksh.collect.schedule.DaySummaryBeginSchedule
	at java.net.URLClassLoader.findClass(URLClassLoader.java:381)
	at java.lang.ClassLoader.loadClass(ClassLoader.java:424)
	at sun.misc.Launcher$AppClassLoader.loadClass(Launcher.java:335)
	at java.lang.ClassLoader.loadClass(ClassLoader.java:357)
	at org.springframework.util.ClassUtils.forName(ClassUtils.java:274)
	at org.springframework.scheduling.quartz.ResourceLoaderClassLoadHelper.loadClass(ResourceLoaderClassLoadHelper.java:81)
	at org.springframework.scheduling.quartz.ResourceLoaderClassLoadHelper.loadClass(ResourceLoaderClassLoadHelper.java:86)
	at org.quartz.impl.jdbcjobstore.StdJDBCDelegate.selectJobDetail(StdJDBCDelegate.java:852)
	at org.quartz.impl.jdbcjobstore.JobStoreSupport.acquireNextTrigger(JobStoreSupport.java:2816)
	... 5 common frames omitted
ksh_core 172.16.246.60 20181101100745.810 ERROR [T-39] org.quartz.core.ErrorLogger[2425] - An error occurred while scanning for the next triggers to fire.
org.quartz.JobPersistenceException: Couldn't acquire next trigger: com.ycg.ksh.collect.schedule.DaySummaryBeginSchedule
	at org.quartz.impl.jdbcjobstore.JobStoreSupport.acquireNextTrigger(JobStoreSupport.java:2848)
	at org.quartz.impl.jdbcjobstore.JobStoreSupport$40.execute(JobStoreSupport.java:2759)
	at org.quartz.impl.jdbcjobstore.JobStoreSupport$40.execute(JobStoreSupport.java:2757)
	at org.quartz.impl.jdbcjobstore.JobStoreSupport.executeInNonManagedTXLock(JobStoreSupport.java:3787)
	at org.quartz.impl.jdbcjobstore.JobStoreSupport.acquireNextTriggers(JobStoreSupport.java:2756)
	at org.quartz.core.QuartzSchedulerThread.run(QuartzSchedulerThread.java:272)
Caused by: java.lang.ClassNotFoundException: com.ycg.ksh.collect.schedule.DaySummaryBeginSchedule
	at java.net.URLClassLoader.findClass(URLClassLoader.java:381)
	at java.lang.ClassLoader.loadClass(ClassLoader.java:424)
	at sun.misc.Launcher$AppClassLoader.loadClass(Launcher.java:335)
	at java.lang.ClassLoader.loadClass(ClassLoader.java:357)
	at org.springframework.util.ClassUtils.forName(ClassUtils.java:274)
	at org.springframework.scheduling.quartz.ResourceLoaderClassLoadHelper.loadClass(ResourceLoaderClassLoadHelper.java:81)
	at org.springframework.scheduling.quartz.ResourceLoaderClassLoadHelper.loadClass(ResourceLoaderClassLoadHelper.java:86)
	at org.quartz.impl.jdbcjobstore.StdJDBCDelegate.selectJobDetail(StdJDBCDelegate.java:852)
	at org.quartz.impl.jdbcjobstore.JobStoreSupport.acquireNextTrigger(JobStoreSupport.java:2816)
	... 5 common frames omitted
ksh_core 172.16.246.60 20181101100848.357 ERROR [T-39] org.quartz.core.ErrorLogger[2425] - An error occurred while scanning for the next triggers to fire.
org.quartz.JobPersistenceException: Couldn't acquire next trigger: com.ycg.ksh.collect.schedule.DaySummaryBeginSchedule
	at org.quartz.impl.jdbcjobstore.JobStoreSupport.acquireNextTrigger(JobStoreSupport.java:2848)
	at org.quartz.impl.jdbcjobstore.JobStoreSupport$40.execute(JobStoreSupport.java:2759)
	at org.quartz.impl.jdbcjobstore.JobStoreSupport$40.execute(JobStoreSupport.java:2757)
	at org.quartz.impl.jdbcjobstore.JobStoreSupport.executeInNonManagedTXLock(JobStoreSupport.java:3787)
	at org.quartz.impl.jdbcjobstore.JobStoreSupport.acquireNextTriggers(JobStoreSupport.java:2756)
	at org.quartz.core.QuartzSchedulerThread.run(QuartzSchedulerThread.java:272)
Caused by: java.lang.ClassNotFoundException: com.ycg.ksh.collect.schedule.DaySummaryBeginSchedule
	at java.net.URLClassLoader.findClass(URLClassLoader.java:381)
	at java.lang.ClassLoader.loadClass(ClassLoader.java:424)
	at sun.misc.Launcher$AppClassLoader.loadClass(Launcher.java:335)
	at java.lang.ClassLoader.loadClass(ClassLoader.java:357)
	at org.springframework.util.ClassUtils.forName(ClassUtils.java:274)
	at org.springframework.scheduling.quartz.ResourceLoaderClassLoadHelper.loadClass(ResourceLoaderClassLoadHelper.java:81)
	at org.springframework.scheduling.quartz.ResourceLoaderClassLoadHelper.loadClass(ResourceLoaderClassLoadHelper.java:86)
	at org.quartz.impl.jdbcjobstore.StdJDBCDelegate.selectJobDetail(StdJDBCDelegate.java:852)
	at org.quartz.impl.jdbcjobstore.JobStoreSupport.acquireNextTrigger(JobStoreSupport.java:2816)
	... 5 common frames omitted
ksh_core 172.16.246.60 20181101100947.585 ERROR [T-39] org.quartz.core.ErrorLogger[2425] - An error occurred while scanning for the next triggers to fire.
org.quartz.JobPersistenceException: Couldn't acquire next trigger: com.ycg.ksh.collect.schedule.DaySummaryBeginSchedule
	at org.quartz.impl.jdbcjobstore.JobStoreSupport.acquireNextTrigger(JobStoreSupport.java:2848)
	at org.quartz.impl.jdbcjobstore.JobStoreSupport$40.execute(JobStoreSupport.java:2759)
	at org.quartz.impl.jdbcjobstore.JobStoreSupport$40.execute(JobStoreSupport.java:2757)
	at org.quartz.impl.jdbcjobstore.JobStoreSupport.executeInNonManagedTXLock(JobStoreSupport.java:3787)
	at org.quartz.impl.jdbcjobstore.JobStoreSupport.acquireNextTriggers(JobStoreSupport.java:2756)
	at org.quartz.core.QuartzSchedulerThread.run(QuartzSchedulerThread.java:272)
Caused by: java.lang.ClassNotFoundException: com.ycg.ksh.collect.schedule.DaySummaryBeginSchedule
	at java.net.URLClassLoader.findClass(URLClassLoader.java:381)
	at java.lang.ClassLoader.loadClass(ClassLoader.java:424)
	at sun.misc.Launcher$AppClassLoader.loadClass(Launcher.java:335)
	at java.lang.ClassLoader.loadClass(ClassLoader.java:357)
	at org.springframework.util.ClassUtils.forName(ClassUtils.java:274)
	at org.springframework.scheduling.quartz.ResourceLoaderClassLoadHelper.loadClass(ResourceLoaderClassLoadHelper.java:81)
	at org.springframework.scheduling.quartz.ResourceLoaderClassLoadHelper.loadClass(ResourceLoaderClassLoadHelper.java:86)
	at org.quartz.impl.jdbcjobstore.StdJDBCDelegate.selectJobDetail(StdJDBCDelegate.java:852)
	at org.quartz.impl.jdbcjobstore.JobStoreSupport.acquireNextTrigger(JobStoreSupport.java:2816)
	... 5 common frames omitted
ksh_core 172.16.246.60 20181101101248.909 ERROR [T-39] org.quartz.core.ErrorLogger[2425] - An error occurred while scanning for the next triggers to fire.
org.quartz.JobPersistenceException: Couldn't acquire next trigger: com.ycg.ksh.collect.schedule.DaySummaryBeginSchedule
	at org.quartz.impl.jdbcjobstore.JobStoreSupport.acquireNextTrigger(JobStoreSupport.java:2848)
	at org.quartz.impl.jdbcjobstore.JobStoreSupport$40.execute(JobStoreSupport.java:2759)
	at org.quartz.impl.jdbcjobstore.JobStoreSupport$40.execute(JobStoreSupport.java:2757)
	at org.quartz.impl.jdbcjobstore.JobStoreSupport.executeInNonManagedTXLock(JobStoreSupport.java:3787)
	at org.quartz.impl.jdbcjobstore.JobStoreSupport.acquireNextTriggers(JobStoreSupport.java:2756)
	at org.quartz.core.QuartzSchedulerThread.run(QuartzSchedulerThread.java:272)
Caused by: java.lang.ClassNotFoundException: com.ycg.ksh.collect.schedule.DaySummaryBeginSchedule
	at java.net.URLClassLoader.findClass(URLClassLoader.java:381)
	at java.lang.ClassLoader.loadClass(ClassLoader.java:424)
	at sun.misc.Launcher$AppClassLoader.loadClass(Launcher.java:335)
	at java.lang.ClassLoader.loadClass(ClassLoader.java:357)
	at org.springframework.util.ClassUtils.forName(ClassUtils.java:274)
	at org.springframework.scheduling.quartz.ResourceLoaderClassLoadHelper.loadClass(ResourceLoaderClassLoadHelper.java:81)
	at org.springframework.scheduling.quartz.ResourceLoaderClassLoadHelper.loadClass(ResourceLoaderClassLoadHelper.java:86)
	at org.quartz.impl.jdbcjobstore.StdJDBCDelegate.selectJobDetail(StdJDBCDelegate.java:852)
	at org.quartz.impl.jdbcjobstore.JobStoreSupport.acquireNextTrigger(JobStoreSupport.java:2816)
	... 5 common frames omitted
ksh_core 172.16.246.60 20181101101351.359 ERROR [T-39] org.quartz.core.ErrorLogger[2425] - An error occurred while scanning for the next triggers to fire.
org.quartz.JobPersistenceException: Couldn't acquire next trigger: com.ycg.ksh.collect.schedule.DaySummaryBeginSchedule
	at org.quartz.impl.jdbcjobstore.JobStoreSupport.acquireNextTrigger(JobStoreSupport.java:2848)
	at org.quartz.impl.jdbcjobstore.JobStoreSupport$40.execute(JobStoreSupport.java:2759)
	at org.quartz.impl.jdbcjobstore.JobStoreSupport$40.execute(JobStoreSupport.java:2757)
	at org.quartz.impl.jdbcjobstore.JobStoreSupport.executeInNonManagedTXLock(JobStoreSupport.java:3787)
	at org.quartz.impl.jdbcjobstore.JobStoreSupport.acquireNextTriggers(JobStoreSupport.java:2756)
	at org.quartz.core.QuartzSchedulerThread.run(QuartzSchedulerThread.java:272)
Caused by: java.lang.ClassNotFoundException: com.ycg.ksh.collect.schedule.DaySummaryBeginSchedule
	at java.net.URLClassLoader.findClass(URLClassLoader.java:381)
	at java.lang.ClassLoader.loadClass(ClassLoader.java:424)
	at sun.misc.Launcher$AppClassLoader.loadClass(Launcher.java:335)
	at java.lang.ClassLoader.loadClass(ClassLoader.java:357)
	at org.springframework.util.ClassUtils.forName(ClassUtils.java:274)
	at org.springframework.scheduling.quartz.ResourceLoaderClassLoadHelper.loadClass(ResourceLoaderClassLoadHelper.java:81)
	at org.springframework.scheduling.quartz.ResourceLoaderClassLoadHelper.loadClass(ResourceLoaderClassLoadHelper.java:86)
	at org.quartz.impl.jdbcjobstore.StdJDBCDelegate.selectJobDetail(StdJDBCDelegate.java:852)
	at org.quartz.impl.jdbcjobstore.JobStoreSupport.acquireNextTrigger(JobStoreSupport.java:2816)
	... 5 common frames omitted
ksh_core 172.16.246.60 20181101102000.040 ERROR [T-39] org.quartz.core.ErrorLogger[2425] - An error occurred while scanning for the next triggers to fire.
org.quartz.JobPersistenceException: Couldn't acquire next trigger: com.ycg.ksh.collect.schedule.DaySummaryBeginSchedule
	at org.quartz.impl.jdbcjobstore.JobStoreSupport.acquireNextTrigger(JobStoreSupport.java:2848)
	at org.quartz.impl.jdbcjobstore.JobStoreSupport$40.execute(JobStoreSupport.java:2759)
	at org.quartz.impl.jdbcjobstore.JobStoreSupport$40.execute(JobStoreSupport.java:2757)
	at org.quartz.impl.jdbcjobstore.JobStoreSupport.executeInNonManagedTXLock(JobStoreSupport.java:3787)
	at org.quartz.impl.jdbcjobstore.JobStoreSupport.acquireNextTriggers(JobStoreSupport.java:2756)
	at org.quartz.core.QuartzSchedulerThread.run(QuartzSchedulerThread.java:272)
Caused by: java.lang.ClassNotFoundException: com.ycg.ksh.collect.schedule.DaySummaryBeginSchedule
	at java.net.URLClassLoader.findClass(URLClassLoader.java:381)
	at java.lang.ClassLoader.loadClass(ClassLoader.java:424)
	at sun.misc.Launcher$AppClassLoader.loadClass(Launcher.java:335)
	at java.lang.ClassLoader.loadClass(ClassLoader.java:357)
	at org.springframework.util.ClassUtils.forName(ClassUtils.java:274)
	at org.springframework.scheduling.quartz.ResourceLoaderClassLoadHelper.loadClass(ResourceLoaderClassLoadHelper.java:81)
	at org.springframework.scheduling.quartz.ResourceLoaderClassLoadHelper.loadClass(ResourceLoaderClassLoadHelper.java:86)
	at org.quartz.impl.jdbcjobstore.StdJDBCDelegate.selectJobDetail(StdJDBCDelegate.java:852)
	at org.quartz.impl.jdbcjobstore.JobStoreSupport.acquireNextTrigger(JobStoreSupport.java:2816)
	... 5 common frames omitted
ksh_core 172.16.246.60 20181101102500.030 ERROR [T-39] org.quartz.core.ErrorLogger[2425] - An error occurred while scanning for the next triggers to fire.
org.quartz.JobPersistenceException: Couldn't acquire next trigger: com.ycg.ksh.collect.schedule.DaySummaryBeginSchedule
	at org.quartz.impl.jdbcjobstore.JobStoreSupport.acquireNextTrigger(JobStoreSupport.java:2848)
	at org.quartz.impl.jdbcjobstore.JobStoreSupport$40.execute(JobStoreSupport.java:2759)
	at org.quartz.impl.jdbcjobstore.JobStoreSupport$40.execute(JobStoreSupport.java:2757)
	at org.quartz.impl.jdbcjobstore.JobStoreSupport.executeInNonManagedTXLock(JobStoreSupport.java:3787)
	at org.quartz.impl.jdbcjobstore.JobStoreSupport.acquireNextTriggers(JobStoreSupport.java:2756)
	at org.quartz.core.QuartzSchedulerThread.run(QuartzSchedulerThread.java:272)
Caused by: java.lang.ClassNotFoundException: com.ycg.ksh.collect.schedule.DaySummaryBeginSchedule
	at java.net.URLClassLoader.findClass(URLClassLoader.java:381)
	at java.lang.ClassLoader.loadClass(ClassLoader.java:424)
	at sun.misc.Launcher$AppClassLoader.loadClass(Launcher.java:335)
	at java.lang.ClassLoader.loadClass(ClassLoader.java:357)
	at org.springframework.util.ClassUtils.forName(ClassUtils.java:274)
	at org.springframework.scheduling.quartz.ResourceLoaderClassLoadHelper.loadClass(ResourceLoaderClassLoadHelper.java:81)
	at org.springframework.scheduling.quartz.ResourceLoaderClassLoadHelper.loadClass(ResourceLoaderClassLoadHelper.java:86)
	at org.quartz.impl.jdbcjobstore.StdJDBCDelegate.selectJobDetail(StdJDBCDelegate.java:852)
	at org.quartz.impl.jdbcjobstore.JobStoreSupport.acquireNextTrigger(JobStoreSupport.java:2816)
	... 5 common frames omitted
ksh_core 172.16.246.60 20181101103000.026 ERROR [T-39] org.quartz.core.ErrorLogger[2425] - An error occurred while scanning for the next triggers to fire.
org.quartz.JobPersistenceException: Couldn't acquire next trigger: com.ycg.ksh.collect.schedule.DaySummaryBeginSchedule
	at org.quartz.impl.jdbcjobstore.JobStoreSupport.acquireNextTrigger(JobStoreSupport.java:2848)
	at org.quartz.impl.jdbcjobstore.JobStoreSupport$40.execute(JobStoreSupport.java:2759)
	at org.quartz.impl.jdbcjobstore.JobStoreSupport$40.execute(JobStoreSupport.java:2757)
	at org.quartz.impl.jdbcjobstore.JobStoreSupport.executeInNonManagedTXLock(JobStoreSupport.java:3787)
	at org.quartz.impl.jdbcjobstore.JobStoreSupport.acquireNextTriggers(JobStoreSupport.java:2756)
	at org.quartz.core.QuartzSchedulerThread.run(QuartzSchedulerThread.java:272)
Caused by: java.lang.ClassNotFoundException: com.ycg.ksh.collect.schedule.DaySummaryBeginSchedule
	at java.net.URLClassLoader.findClass(URLClassLoader.java:381)
	at java.lang.ClassLoader.loadClass(ClassLoader.java:424)
	at sun.misc.Launcher$AppClassLoader.loadClass(Launcher.java:335)
	at java.lang.ClassLoader.loadClass(ClassLoader.java:357)
	at org.springframework.util.ClassUtils.forName(ClassUtils.java:274)
	at org.springframework.scheduling.quartz.ResourceLoaderClassLoadHelper.loadClass(ResourceLoaderClassLoadHelper.java:81)
	at org.springframework.scheduling.quartz.ResourceLoaderClassLoadHelper.loadClass(ResourceLoaderClassLoadHelper.java:86)
	at org.quartz.impl.jdbcjobstore.StdJDBCDelegate.selectJobDetail(StdJDBCDelegate.java:852)
	at org.quartz.impl.jdbcjobstore.JobStoreSupport.acquireNextTrigger(JobStoreSupport.java:2816)
	... 5 common frames omitted
ksh_core 172.16.246.60 20181101103500.027 ERROR [T-39] org.quartz.core.ErrorLogger[2425] - An error occurred while scanning for the next triggers to fire.
org.quartz.JobPersistenceException: Couldn't acquire next trigger: com.ycg.ksh.collect.schedule.DaySummaryBeginSchedule
	at org.quartz.impl.jdbcjobstore.JobStoreSupport.acquireNextTrigger(JobStoreSupport.java:2848)
	at org.quartz.impl.jdbcjobstore.JobStoreSupport$40.execute(JobStoreSupport.java:2759)
	at org.quartz.impl.jdbcjobstore.JobStoreSupport$40.execute(JobStoreSupport.java:2757)
	at org.quartz.impl.jdbcjobstore.JobStoreSupport.executeInNonManagedTXLock(JobStoreSupport.java:3787)
	at org.quartz.impl.jdbcjobstore.JobStoreSupport.acquireNextTriggers(JobStoreSupport.java:2756)
	at org.quartz.core.QuartzSchedulerThread.run(QuartzSchedulerThread.java:272)
Caused by: java.lang.ClassNotFoundException: com.ycg.ksh.collect.schedule.DaySummaryBeginSchedule
	at java.net.URLClassLoader.findClass(URLClassLoader.java:381)
	at java.lang.ClassLoader.loadClass(ClassLoader.java:424)
	at sun.misc.Launcher$AppClassLoader.loadClass(Launcher.java:335)
	at java.lang.ClassLoader.loadClass(ClassLoader.java:357)
	at org.springframework.util.ClassUtils.forName(ClassUtils.java:274)
	at org.springframework.scheduling.quartz.ResourceLoaderClassLoadHelper.loadClass(ResourceLoaderClassLoadHelper.java:81)
	at org.springframework.scheduling.quartz.ResourceLoaderClassLoadHelper.loadClass(ResourceLoaderClassLoadHelper.java:86)
	at org.quartz.impl.jdbcjobstore.StdJDBCDelegate.selectJobDetail(StdJDBCDelegate.java:852)
	at org.quartz.impl.jdbcjobstore.JobStoreSupport.acquireNextTrigger(JobStoreSupport.java:2816)
	... 5 common frames omitted
ksh_core 172.16.246.60 20181101104000.028 ERROR [T-39] org.quartz.core.ErrorLogger[2425] - An error occurred while scanning for the next triggers to fire.
org.quartz.JobPersistenceException: Couldn't acquire next trigger: com.ycg.ksh.collect.schedule.DaySummaryBeginSchedule
	at org.quartz.impl.jdbcjobstore.JobStoreSupport.acquireNextTrigger(JobStoreSupport.java:2848)
	at org.quartz.impl.jdbcjobstore.JobStoreSupport$40.execute(JobStoreSupport.java:2759)
	at org.quartz.impl.jdbcjobstore.JobStoreSupport$40.execute(JobStoreSupport.java:2757)
	at org.quartz.impl.jdbcjobstore.JobStoreSupport.executeInNonManagedTXLock(JobStoreSupport.java:3787)
	at org.quartz.impl.jdbcjobstore.JobStoreSupport.acquireNextTriggers(JobStoreSupport.java:2756)
	at org.quartz.core.QuartzSchedulerThread.run(QuartzSchedulerThread.java:272)
Caused by: java.lang.ClassNotFoundException: com.ycg.ksh.collect.schedule.DaySummaryBeginSchedule
	at java.net.URLClassLoader.findClass(URLClassLoader.java:381)
	at java.lang.ClassLoader.loadClass(ClassLoader.java:424)
	at sun.misc.Launcher$AppClassLoader.loadClass(Launcher.java:335)
	at java.lang.ClassLoader.loadClass(ClassLoader.java:357)
	at org.springframework.util.ClassUtils.forName(ClassUtils.java:274)
	at org.springframework.scheduling.quartz.ResourceLoaderClassLoadHelper.loadClass(ResourceLoaderClassLoadHelper.java:81)
	at org.springframework.scheduling.quartz.ResourceLoaderClassLoadHelper.loadClass(ResourceLoaderClassLoadHelper.java:86)
	at org.quartz.impl.jdbcjobstore.StdJDBCDelegate.selectJobDetail(StdJDBCDelegate.java:852)
	at org.quartz.impl.jdbcjobstore.JobStoreSupport.acquireNextTrigger(JobStoreSupport.java:2816)
	... 5 common frames omitted
ksh_core 172.16.246.60 20181101104500.030 ERROR [T-39] org.quartz.core.ErrorLogger[2425] - An error occurred while scanning for the next triggers to fire.
org.quartz.JobPersistenceException: Couldn't acquire next trigger: com.ycg.ksh.collect.schedule.DaySummaryBeginSchedule
	at org.quartz.impl.jdbcjobstore.JobStoreSupport.acquireNextTrigger(JobStoreSupport.java:2848)
	at org.quartz.impl.jdbcjobstore.JobStoreSupport$40.execute(JobStoreSupport.java:2759)
	at org.quartz.impl.jdbcjobstore.JobStoreSupport$40.execute(JobStoreSupport.java:2757)
	at org.quartz.impl.jdbcjobstore.JobStoreSupport.executeInNonManagedTXLock(JobStoreSupport.java:3787)
	at org.quartz.impl.jdbcjobstore.JobStoreSupport.acquireNextTriggers(JobStoreSupport.java:2756)
	at org.quartz.core.QuartzSchedulerThread.run(QuartzSchedulerThread.java:272)
Caused by: java.lang.ClassNotFoundException: com.ycg.ksh.collect.schedule.DaySummaryBeginSchedule
	at java.net.URLClassLoader.findClass(URLClassLoader.java:381)
	at java.lang.ClassLoader.loadClass(ClassLoader.java:424)
	at sun.misc.Launcher$AppClassLoader.loadClass(Launcher.java:335)
	at java.lang.ClassLoader.loadClass(ClassLoader.java:357)
	at org.springframework.util.ClassUtils.forName(ClassUtils.java:274)
	at org.springframework.scheduling.quartz.ResourceLoaderClassLoadHelper.loadClass(ResourceLoaderClassLoadHelper.java:81)
	at org.springframework.scheduling.quartz.ResourceLoaderClassLoadHelper.loadClass(ResourceLoaderClassLoadHelper.java:86)
	at org.quartz.impl.jdbcjobstore.StdJDBCDelegate.selectJobDetail(StdJDBCDelegate.java:852)
	at org.quartz.impl.jdbcjobstore.JobStoreSupport.acquireNextTrigger(JobStoreSupport.java:2816)
	... 5 common frames omitted
ksh_core 172.16.246.60 20181101105000.029 ERROR [T-39] org.quartz.core.ErrorLogger[2425] - An error occurred while scanning for the next triggers to fire.
org.quartz.JobPersistenceException: Couldn't acquire next trigger: com.ycg.ksh.collect.schedule.DaySummaryBeginSchedule
	at org.quartz.impl.jdbcjobstore.JobStoreSupport.acquireNextTrigger(JobStoreSupport.java:2848)
	at org.quartz.impl.jdbcjobstore.JobStoreSupport$40.execute(JobStoreSupport.java:2759)
	at org.quartz.impl.jdbcjobstore.JobStoreSupport$40.execute(JobStoreSupport.java:2757)
	at org.quartz.impl.jdbcjobstore.JobStoreSupport.executeInNonManagedTXLock(JobStoreSupport.java:3787)
	at org.quartz.impl.jdbcjobstore.JobStoreSupport.acquireNextTriggers(JobStoreSupport.java:2756)
	at org.quartz.core.QuartzSchedulerThread.run(QuartzSchedulerThread.java:272)
Caused by: java.lang.ClassNotFoundException: com.ycg.ksh.collect.schedule.DaySummaryBeginSchedule
	at java.net.URLClassLoader.findClass(URLClassLoader.java:381)
	at java.lang.ClassLoader.loadClass(ClassLoader.java:424)
	at sun.misc.Launcher$AppClassLoader.loadClass(Launcher.java:335)
	at java.lang.ClassLoader.loadClass(ClassLoader.java:357)
	at org.springframework.util.ClassUtils.forName(ClassUtils.java:274)
	at org.springframework.scheduling.quartz.ResourceLoaderClassLoadHelper.loadClass(ResourceLoaderClassLoadHelper.java:81)
	at org.springframework.scheduling.quartz.ResourceLoaderClassLoadHelper.loadClass(ResourceLoaderClassLoadHelper.java:86)
	at org.quartz.impl.jdbcjobstore.StdJDBCDelegate.selectJobDetail(StdJDBCDelegate.java:852)
	at org.quartz.impl.jdbcjobstore.JobStoreSupport.acquireNextTrigger(JobStoreSupport.java:2816)
	... 5 common frames omitted
ksh_core 172.16.246.60 20181101105500.029 ERROR [T-39] org.quartz.core.ErrorLogger[2425] - An error occurred while scanning for the next triggers to fire.
org.quartz.JobPersistenceException: Couldn't acquire next trigger: com.ycg.ksh.collect.schedule.DaySummaryBeginSchedule
	at org.quartz.impl.jdbcjobstore.JobStoreSupport.acquireNextTrigger(JobStoreSupport.java:2848)
	at org.quartz.impl.jdbcjobstore.JobStoreSupport$40.execute(JobStoreSupport.java:2759)
	at org.quartz.impl.jdbcjobstore.JobStoreSupport$40.execute(JobStoreSupport.java:2757)
	at org.quartz.impl.jdbcjobstore.JobStoreSupport.executeInNonManagedTXLock(JobStoreSupport.java:3787)
	at org.quartz.impl.jdbcjobstore.JobStoreSupport.acquireNextTriggers(JobStoreSupport.java:2756)
	at org.quartz.core.QuartzSchedulerThread.run(QuartzSchedulerThread.java:272)
Caused by: java.lang.ClassNotFoundException: com.ycg.ksh.collect.schedule.DaySummaryBeginSchedule
	at java.net.URLClassLoader.findClass(URLClassLoader.java:381)
	at java.lang.ClassLoader.loadClass(ClassLoader.java:424)
	at sun.misc.Launcher$AppClassLoader.loadClass(Launcher.java:335)
	at java.lang.ClassLoader.loadClass(ClassLoader.java:357)
	at org.springframework.util.ClassUtils.forName(ClassUtils.java:274)
	at org.springframework.scheduling.quartz.ResourceLoaderClassLoadHelper.loadClass(ResourceLoaderClassLoadHelper.java:81)
	at org.springframework.scheduling.quartz.ResourceLoaderClassLoadHelper.loadClass(ResourceLoaderClassLoadHelper.java:86)
	at org.quartz.impl.jdbcjobstore.StdJDBCDelegate.selectJobDetail(StdJDBCDelegate.java:852)
	at org.quartz.impl.jdbcjobstore.JobStoreSupport.acquireNextTrigger(JobStoreSupport.java:2816)
	... 5 common frames omitted
ksh_core 172.16.246.60 20181101110000.027 ERROR [T-39] org.quartz.core.ErrorLogger[2425] - An error occurred while scanning for the next triggers to fire.
org.quartz.JobPersistenceException: Couldn't acquire next trigger: com.ycg.ksh.collect.schedule.DaySummaryBeginSchedule
	at org.quartz.impl.jdbcjobstore.JobStoreSupport.acquireNextTrigger(JobStoreSupport.java:2848)
	at org.quartz.impl.jdbcjobstore.JobStoreSupport$40.execute(JobStoreSupport.java:2759)
	at org.quartz.impl.jdbcjobstore.JobStoreSupport$40.execute(JobStoreSupport.java:2757)
	at org.quartz.impl.jdbcjobstore.JobStoreSupport.executeInNonManagedTXLock(JobStoreSupport.java:3787)
	at org.quartz.impl.jdbcjobstore.JobStoreSupport.acquireNextTriggers(JobStoreSupport.java:2756)
	at org.quartz.core.QuartzSchedulerThread.run(QuartzSchedulerThread.java:272)
Caused by: java.lang.ClassNotFoundException: com.ycg.ksh.collect.schedule.DaySummaryBeginSchedule
	at java.net.URLClassLoader.findClass(URLClassLoader.java:381)
	at java.lang.ClassLoader.loadClass(ClassLoader.java:424)
	at sun.misc.Launcher$AppClassLoader.loadClass(Launcher.java:335)
	at java.lang.ClassLoader.loadClass(ClassLoader.java:357)
	at org.springframework.util.ClassUtils.forName(ClassUtils.java:274)
	at org.springframework.scheduling.quartz.ResourceLoaderClassLoadHelper.loadClass(ResourceLoaderClassLoadHelper.java:81)
	at org.springframework.scheduling.quartz.ResourceLoaderClassLoadHelper.loadClass(ResourceLoaderClassLoadHelper.java:86)
	at org.quartz.impl.jdbcjobstore.StdJDBCDelegate.selectJobDetail(StdJDBCDelegate.java:852)
	at org.quartz.impl.jdbcjobstore.JobStoreSupport.acquireNextTrigger(JobStoreSupport.java:2816)
	... 5 common frames omitted
ksh_core 172.16.246.60 20181101111000.028 ERROR [T-39] org.quartz.core.ErrorLogger[2425] - An error occurred while scanning for the next triggers to fire.
org.quartz.JobPersistenceException: Couldn't acquire next trigger: com.ycg.ksh.collect.schedule.DaySummaryBeginSchedule
	at org.quartz.impl.jdbcjobstore.JobStoreSupport.acquireNextTrigger(JobStoreSupport.java:2848)
	at org.quartz.impl.jdbcjobstore.JobStoreSupport$40.execute(JobStoreSupport.java:2759)
	at org.quartz.impl.jdbcjobstore.JobStoreSupport$40.execute(JobStoreSupport.java:2757)
	at org.quartz.impl.jdbcjobstore.JobStoreSupport.executeInNonManagedTXLock(JobStoreSupport.java:3787)
	at org.quartz.impl.jdbcjobstore.JobStoreSupport.acquireNextTriggers(JobStoreSupport.java:2756)
	at org.quartz.core.QuartzSchedulerThread.run(QuartzSchedulerThread.java:272)
Caused by: java.lang.ClassNotFoundException: com.ycg.ksh.collect.schedule.DaySummaryBeginSchedule
	at java.net.URLClassLoader.findClass(URLClassLoader.java:381)
	at java.lang.ClassLoader.loadClass(ClassLoader.java:424)
	at sun.misc.Launcher$AppClassLoader.loadClass(Launcher.java:335)
	at java.lang.ClassLoader.loadClass(ClassLoader.java:357)
	at org.springframework.util.ClassUtils.forName(ClassUtils.java:274)
	at org.springframework.scheduling.quartz.ResourceLoaderClassLoadHelper.loadClass(ResourceLoaderClassLoadHelper.java:81)
	at org.springframework.scheduling.quartz.ResourceLoaderClassLoadHelper.loadClass(ResourceLoaderClassLoadHelper.java:86)
	at org.quartz.impl.jdbcjobstore.StdJDBCDelegate.selectJobDetail(StdJDBCDelegate.java:852)
	at org.quartz.impl.jdbcjobstore.JobStoreSupport.acquireNextTrigger(JobStoreSupport.java:2816)
	... 5 common frames omitted
ksh_core 172.16.246.60 20181101111500.027 ERROR [T-39] org.quartz.core.ErrorLogger[2425] - An error occurred while scanning for the next triggers to fire.
org.quartz.JobPersistenceException: Couldn't acquire next trigger: com.ycg.ksh.collect.schedule.DaySummaryBeginSchedule
	at org.quartz.impl.jdbcjobstore.JobStoreSupport.acquireNextTrigger(JobStoreSupport.java:2848)
	at org.quartz.impl.jdbcjobstore.JobStoreSupport$40.execute(JobStoreSupport.java:2759)
	at org.quartz.impl.jdbcjobstore.JobStoreSupport$40.execute(JobStoreSupport.java:2757)
	at org.quartz.impl.jdbcjobstore.JobStoreSupport.executeInNonManagedTXLock(JobStoreSupport.java:3787)
	at org.quartz.impl.jdbcjobstore.JobStoreSupport.acquireNextTriggers(JobStoreSupport.java:2756)
	at org.quartz.core.QuartzSchedulerThread.run(QuartzSchedulerThread.java:272)
Caused by: java.lang.ClassNotFoundException: com.ycg.ksh.collect.schedule.DaySummaryBeginSchedule
	at java.net.URLClassLoader.findClass(URLClassLoader.java:381)
	at java.lang.ClassLoader.loadClass(ClassLoader.java:424)
	at sun.misc.Launcher$AppClassLoader.loadClass(Launcher.java:335)
	at java.lang.ClassLoader.loadClass(ClassLoader.java:357)
	at org.springframework.util.ClassUtils.forName(ClassUtils.java:274)
	at org.springframework.scheduling.quartz.ResourceLoaderClassLoadHelper.loadClass(ResourceLoaderClassLoadHelper.java:81)
	at org.springframework.scheduling.quartz.ResourceLoaderClassLoadHelper.loadClass(ResourceLoaderClassLoadHelper.java:86)
	at org.quartz.impl.jdbcjobstore.StdJDBCDelegate.selectJobDetail(StdJDBCDelegate.java:852)
	at org.quartz.impl.jdbcjobstore.JobStoreSupport.acquireNextTrigger(JobStoreSupport.java:2816)
	... 5 common frames omitted
ksh_core 172.16.246.60 20181101112000.029 ERROR [T-39] org.quartz.core.ErrorLogger[2425] - An error occurred while scanning for the next triggers to fire.
org.quartz.JobPersistenceException: Couldn't acquire next trigger: com.ycg.ksh.collect.schedule.DaySummaryBeginSchedule
	at org.quartz.impl.jdbcjobstore.JobStoreSupport.acquireNextTrigger(JobStoreSupport.java:2848)
	at org.quartz.impl.jdbcjobstore.JobStoreSupport$40.execute(JobStoreSupport.java:2759)
	at org.quartz.impl.jdbcjobstore.JobStoreSupport$40.execute(JobStoreSupport.java:2757)
	at org.quartz.impl.jdbcjobstore.JobStoreSupport.executeInNonManagedTXLock(JobStoreSupport.java:3787)
	at org.quartz.impl.jdbcjobstore.JobStoreSupport.acquireNextTriggers(JobStoreSupport.java:2756)
	at org.quartz.core.QuartzSchedulerThread.run(QuartzSchedulerThread.java:272)
Caused by: java.lang.ClassNotFoundException: com.ycg.ksh.collect.schedule.DaySummaryBeginSchedule
	at java.net.URLClassLoader.findClass(URLClassLoader.java:381)
	at java.lang.ClassLoader.loadClass(ClassLoader.java:424)
	at sun.misc.Launcher$AppClassLoader.loadClass(Launcher.java:335)
	at java.lang.ClassLoader.loadClass(ClassLoader.java:357)
	at org.springframework.util.ClassUtils.forName(ClassUtils.java:274)
	at org.springframework.scheduling.quartz.ResourceLoaderClassLoadHelper.loadClass(ResourceLoaderClassLoadHelper.java:81)
	at org.springframework.scheduling.quartz.ResourceLoaderClassLoadHelper.loadClass(ResourceLoaderClassLoadHelper.java:86)
	at org.quartz.impl.jdbcjobstore.StdJDBCDelegate.selectJobDetail(StdJDBCDelegate.java:852)
	at org.quartz.impl.jdbcjobstore.JobStoreSupport.acquireNextTrigger(JobStoreSupport.java:2816)
	... 5 common frames omitted
ksh_core 172.16.246.60 20181101112500.030 ERROR [T-39] org.quartz.core.ErrorLogger[2425] - An error occurred while scanning for the next triggers to fire.
org.quartz.JobPersistenceException: Couldn't acquire next trigger: com.ycg.ksh.collect.schedule.DaySummaryBeginSchedule
	at org.quartz.impl.jdbcjobstore.JobStoreSupport.acquireNextTrigger(JobStoreSupport.java:2848)
	at org.quartz.impl.jdbcjobstore.JobStoreSupport$40.execute(JobStoreSupport.java:2759)
	at org.quartz.impl.jdbcjobstore.JobStoreSupport$40.execute(JobStoreSupport.java:2757)
	at org.quartz.impl.jdbcjobstore.JobStoreSupport.executeInNonManagedTXLock(JobStoreSupport.java:3787)
	at org.quartz.impl.jdbcjobstore.JobStoreSupport.acquireNextTriggers(JobStoreSupport.java:2756)
	at org.quartz.core.QuartzSchedulerThread.run(QuartzSchedulerThread.java:272)
Caused by: java.lang.ClassNotFoundException: com.ycg.ksh.collect.schedule.DaySummaryBeginSchedule
	at java.net.URLClassLoader.findClass(URLClassLoader.java:381)
	at java.lang.ClassLoader.loadClass(ClassLoader.java:424)
	at sun.misc.Launcher$AppClassLoader.loadClass(Launcher.java:335)
	at java.lang.ClassLoader.loadClass(ClassLoader.java:357)
	at org.springframework.util.ClassUtils.forName(ClassUtils.java:274)
	at org.springframework.scheduling.quartz.ResourceLoaderClassLoadHelper.loadClass(ResourceLoaderClassLoadHelper.java:81)
	at org.springframework.scheduling.quartz.ResourceLoaderClassLoadHelper.loadClass(ResourceLoaderClassLoadHelper.java:86)
	at org.quartz.impl.jdbcjobstore.StdJDBCDelegate.selectJobDetail(StdJDBCDelegate.java:852)
	at org.quartz.impl.jdbcjobstore.JobStoreSupport.acquireNextTrigger(JobStoreSupport.java:2816)
	... 5 common frames omitted
ksh_core 172.16.246.60 20181101113000.030 ERROR [T-39] org.quartz.core.ErrorLogger[2425] - An error occurred while scanning for the next triggers to fire.
org.quartz.JobPersistenceException: Couldn't acquire next trigger: com.ycg.ksh.collect.schedule.DaySummaryBeginSchedule
	at org.quartz.impl.jdbcjobstore.JobStoreSupport.acquireNextTrigger(JobStoreSupport.java:2848)
	at org.quartz.impl.jdbcjobstore.JobStoreSupport$40.execute(JobStoreSupport.java:2759)
	at org.quartz.impl.jdbcjobstore.JobStoreSupport$40.execute(JobStoreSupport.java:2757)
	at org.quartz.impl.jdbcjobstore.JobStoreSupport.executeInNonManagedTXLock(JobStoreSupport.java:3787)
	at org.quartz.impl.jdbcjobstore.JobStoreSupport.acquireNextTriggers(JobStoreSupport.java:2756)
	at org.quartz.core.QuartzSchedulerThread.run(QuartzSchedulerThread.java:272)
Caused by: java.lang.ClassNotFoundException: com.ycg.ksh.collect.schedule.DaySummaryBeginSchedule
	at java.net.URLClassLoader.findClass(URLClassLoader.java:381)
	at java.lang.ClassLoader.loadClass(ClassLoader.java:424)
	at sun.misc.Launcher$AppClassLoader.loadClass(Launcher.java:335)
	at java.lang.ClassLoader.loadClass(ClassLoader.java:357)
	at org.springframework.util.ClassUtils.forName(ClassUtils.java:274)
	at org.springframework.scheduling.quartz.ResourceLoaderClassLoadHelper.loadClass(ResourceLoaderClassLoadHelper.java:81)
	at org.springframework.scheduling.quartz.ResourceLoaderClassLoadHelper.loadClass(ResourceLoaderClassLoadHelper.java:86)
	at org.quartz.impl.jdbcjobstore.StdJDBCDelegate.selectJobDetail(StdJDBCDelegate.java:852)
	at org.quartz.impl.jdbcjobstore.JobStoreSupport.acquireNextTrigger(JobStoreSupport.java:2816)
	... 5 common frames omitted
ksh_core 172.16.246.60 20181101113500.027 ERROR [T-39] org.quartz.core.ErrorLogger[2425] - An error occurred while scanning for the next triggers to fire.
org.quartz.JobPersistenceException: Couldn't acquire next trigger: com.ycg.ksh.collect.schedule.DaySummaryBeginSchedule
	at org.quartz.impl.jdbcjobstore.JobStoreSupport.acquireNextTrigger(JobStoreSupport.java:2848)
	at org.quartz.impl.jdbcjobstore.JobStoreSupport$40.execute(JobStoreSupport.java:2759)
	at org.quartz.impl.jdbcjobstore.JobStoreSupport$40.execute(JobStoreSupport.java:2757)
	at org.quartz.impl.jdbcjobstore.JobStoreSupport.executeInNonManagedTXLock(JobStoreSupport.java:3787)
	at org.quartz.impl.jdbcjobstore.JobStoreSupport.acquireNextTriggers(JobStoreSupport.java:2756)
	at org.quartz.core.QuartzSchedulerThread.run(QuartzSchedulerThread.java:272)
Caused by: java.lang.ClassNotFoundException: com.ycg.ksh.collect.schedule.DaySummaryBeginSchedule
	at java.net.URLClassLoader.findClass(URLClassLoader.java:381)
	at java.lang.ClassLoader.loadClass(ClassLoader.java:424)
	at sun.misc.Launcher$AppClassLoader.loadClass(Launcher.java:335)
	at java.lang.ClassLoader.loadClass(ClassLoader.java:357)
	at org.springframework.util.ClassUtils.forName(ClassUtils.java:274)
	at org.springframework.scheduling.quartz.ResourceLoaderClassLoadHelper.loadClass(ResourceLoaderClassLoadHelper.java:81)
	at org.springframework.scheduling.quartz.ResourceLoaderClassLoadHelper.loadClass(ResourceLoaderClassLoadHelper.java:86)
	at org.quartz.impl.jdbcjobstore.StdJDBCDelegate.selectJobDetail(StdJDBCDelegate.java:852)
	at org.quartz.impl.jdbcjobstore.JobStoreSupport.acquireNextTrigger(JobStoreSupport.java:2816)
	... 5 common frames omitted
ksh_core 172.16.246.60 20181101114000.647 ERROR [T-39] org.quartz.core.ErrorLogger[2425] - An error occurred while scanning for the next triggers to fire.
org.quartz.JobPersistenceException: Couldn't acquire next trigger: com.ycg.ksh.collect.schedule.DaySummaryBeginSchedule
	at org.quartz.impl.jdbcjobstore.JobStoreSupport.acquireNextTrigger(JobStoreSupport.java:2848)
	at org.quartz.impl.jdbcjobstore.JobStoreSupport$40.execute(JobStoreSupport.java:2759)
	at org.quartz.impl.jdbcjobstore.JobStoreSupport$40.execute(JobStoreSupport.java:2757)
	at org.quartz.impl.jdbcjobstore.JobStoreSupport.executeInNonManagedTXLock(JobStoreSupport.java:3787)
	at org.quartz.impl.jdbcjobstore.JobStoreSupport.acquireNextTriggers(JobStoreSupport.java:2756)
	at org.quartz.core.QuartzSchedulerThread.run(QuartzSchedulerThread.java:272)
Caused by: java.lang.ClassNotFoundException: com.ycg.ksh.collect.schedule.DaySummaryBeginSchedule
	at java.net.URLClassLoader.findClass(URLClassLoader.java:381)
	at java.lang.ClassLoader.loadClass(ClassLoader.java:424)
	at sun.misc.Launcher$AppClassLoader.loadClass(Launcher.java:335)
	at java.lang.ClassLoader.loadClass(ClassLoader.java:357)
	at org.springframework.util.ClassUtils.forName(ClassUtils.java:274)
	at org.springframework.scheduling.quartz.ResourceLoaderClassLoadHelper.loadClass(ResourceLoaderClassLoadHelper.java:81)
	at org.springframework.scheduling.quartz.ResourceLoaderClassLoadHelper.loadClass(ResourceLoaderClassLoadHelper.java:86)
	at org.quartz.impl.jdbcjobstore.StdJDBCDelegate.selectJobDetail(StdJDBCDelegate.java:852)
	at org.quartz.impl.jdbcjobstore.JobStoreSupport.acquireNextTrigger(JobStoreSupport.java:2816)
	... 5 common frames omitted
ksh_core 172.16.246.60 20181101114500.038 ERROR [T-39] org.quartz.core.ErrorLogger[2425] - An error occurred while scanning for the next triggers to fire.
org.quartz.JobPersistenceException: Couldn't acquire next trigger: com.ycg.ksh.collect.schedule.DaySummaryBeginSchedule
	at org.quartz.impl.jdbcjobstore.JobStoreSupport.acquireNextTrigger(JobStoreSupport.java:2848)
	at org.quartz.impl.jdbcjobstore.JobStoreSupport$40.execute(JobStoreSupport.java:2759)
	at org.quartz.impl.jdbcjobstore.JobStoreSupport$40.execute(JobStoreSupport.java:2757)
	at org.quartz.impl.jdbcjobstore.JobStoreSupport.executeInNonManagedTXLock(JobStoreSupport.java:3787)
	at org.quartz.impl.jdbcjobstore.JobStoreSupport.acquireNextTriggers(JobStoreSupport.java:2756)
	at org.quartz.core.QuartzSchedulerThread.run(QuartzSchedulerThread.java:272)
Caused by: java.lang.ClassNotFoundException: com.ycg.ksh.collect.schedule.DaySummaryBeginSchedule
	at java.net.URLClassLoader.findClass(URLClassLoader.java:381)
	at java.lang.ClassLoader.loadClass(ClassLoader.java:424)
	at sun.misc.Launcher$AppClassLoader.loadClass(Launcher.java:335)
	at java.lang.ClassLoader.loadClass(ClassLoader.java:357)
	at org.springframework.util.ClassUtils.forName(ClassUtils.java:274)
	at org.springframework.scheduling.quartz.ResourceLoaderClassLoadHelper.loadClass(ResourceLoaderClassLoadHelper.java:81)
	at org.springframework.scheduling.quartz.ResourceLoaderClassLoadHelper.loadClass(ResourceLoaderClassLoadHelper.java:86)
	at org.quartz.impl.jdbcjobstore.StdJDBCDelegate.selectJobDetail(StdJDBCDelegate.java:852)
	at org.quartz.impl.jdbcjobstore.JobStoreSupport.acquireNextTrigger(JobStoreSupport.java:2816)
	... 5 common frames omitted
ksh_core 172.16.246.60 20181101115000.031 ERROR [T-39] org.quartz.core.ErrorLogger[2425] - An error occurred while scanning for the next triggers to fire.
org.quartz.JobPersistenceException: Couldn't acquire next trigger: com.ycg.ksh.collect.schedule.DaySummaryBeginSchedule
	at org.quartz.impl.jdbcjobstore.JobStoreSupport.acquireNextTrigger(JobStoreSupport.java:2848)
	at org.quartz.impl.jdbcjobstore.JobStoreSupport$40.execute(JobStoreSupport.java:2759)
	at org.quartz.impl.jdbcjobstore.JobStoreSupport$40.execute(JobStoreSupport.java:2757)
	at org.quartz.impl.jdbcjobstore.JobStoreSupport.executeInNonManagedTXLock(JobStoreSupport.java:3787)
	at org.quartz.impl.jdbcjobstore.JobStoreSupport.acquireNextTriggers(JobStoreSupport.java:2756)
	at org.quartz.core.QuartzSchedulerThread.run(QuartzSchedulerThread.java:272)
Caused by: java.lang.ClassNotFoundException: com.ycg.ksh.collect.schedule.DaySummaryBeginSchedule
	at java.net.URLClassLoader.findClass(URLClassLoader.java:381)
	at java.lang.ClassLoader.loadClass(ClassLoader.java:424)
	at sun.misc.Launcher$AppClassLoader.loadClass(Launcher.java:335)
	at java.lang.ClassLoader.loadClass(ClassLoader.java:357)
	at org.springframework.util.ClassUtils.forName(ClassUtils.java:274)
	at org.springframework.scheduling.quartz.ResourceLoaderClassLoadHelper.loadClass(ResourceLoaderClassLoadHelper.java:81)
	at org.springframework.scheduling.quartz.ResourceLoaderClassLoadHelper.loadClass(ResourceLoaderClassLoadHelper.java:86)
	at org.quartz.impl.jdbcjobstore.StdJDBCDelegate.selectJobDetail(StdJDBCDelegate.java:852)
	at org.quartz.impl.jdbcjobstore.JobStoreSupport.acquireNextTrigger(JobStoreSupport.java:2816)
	... 5 common frames omitted
ksh_core 172.16.246.60 20181101115500.030 ERROR [T-39] org.quartz.core.ErrorLogger[2425] - An error occurred while scanning for the next triggers to fire.
org.quartz.JobPersistenceException: Couldn't acquire next trigger: com.ycg.ksh.collect.schedule.DaySummaryBeginSchedule
	at org.quartz.impl.jdbcjobstore.JobStoreSupport.acquireNextTrigger(JobStoreSupport.java:2848)
	at org.quartz.impl.jdbcjobstore.JobStoreSupport$40.execute(JobStoreSupport.java:2759)
	at org.quartz.impl.jdbcjobstore.JobStoreSupport$40.execute(JobStoreSupport.java:2757)
	at org.quartz.impl.jdbcjobstore.JobStoreSupport.executeInNonManagedTXLock(JobStoreSupport.java:3787)
	at org.quartz.impl.jdbcjobstore.JobStoreSupport.acquireNextTriggers(JobStoreSupport.java:2756)
	at org.quartz.core.QuartzSchedulerThread.run(QuartzSchedulerThread.java:272)
Caused by: java.lang.ClassNotFoundException: com.ycg.ksh.collect.schedule.DaySummaryBeginSchedule
	at java.net.URLClassLoader.findClass(URLClassLoader.java:381)
	at java.lang.ClassLoader.loadClass(ClassLoader.java:424)
	at sun.misc.Launcher$AppClassLoader.loadClass(Launcher.java:335)
	at java.lang.ClassLoader.loadClass(ClassLoader.java:357)
	at org.springframework.util.ClassUtils.forName(ClassUtils.java:274)
	at org.springframework.scheduling.quartz.ResourceLoaderClassLoadHelper.loadClass(ResourceLoaderClassLoadHelper.java:81)
	at org.springframework.scheduling.quartz.ResourceLoaderClassLoadHelper.loadClass(ResourceLoaderClassLoadHelper.java:86)
	at org.quartz.impl.jdbcjobstore.StdJDBCDelegate.selectJobDetail(StdJDBCDelegate.java:852)
	at org.quartz.impl.jdbcjobstore.JobStoreSupport.acquireNextTrigger(JobStoreSupport.java:2816)
	... 5 common frames omitted
ksh_core 172.16.246.60 20181101120000.035 ERROR [T-39] org.quartz.core.ErrorLogger[2425] - An error occurred while scanning for the next triggers to fire.
org.quartz.JobPersistenceException: Couldn't acquire next trigger: com.ycg.ksh.collect.schedule.DaySummaryBeginSchedule
	at org.quartz.impl.jdbcjobstore.JobStoreSupport.acquireNextTrigger(JobStoreSupport.java:2848)
	at org.quartz.impl.jdbcjobstore.JobStoreSupport$40.execute(JobStoreSupport.java:2759)
	at org.quartz.impl.jdbcjobstore.JobStoreSupport$40.execute(JobStoreSupport.java:2757)
	at org.quartz.impl.jdbcjobstore.JobStoreSupport.executeInNonManagedTXLock(JobStoreSupport.java:3787)
	at org.quartz.impl.jdbcjobstore.JobStoreSupport.acquireNextTriggers(JobStoreSupport.java:2756)
	at org.quartz.core.QuartzSchedulerThread.run(QuartzSchedulerThread.java:272)
Caused by: java.lang.ClassNotFoundException: com.ycg.ksh.collect.schedule.DaySummaryBeginSchedule
	at java.net.URLClassLoader.findClass(URLClassLoader.java:381)
	at java.lang.ClassLoader.loadClass(ClassLoader.java:424)
	at sun.misc.Launcher$AppClassLoader.loadClass(Launcher.java:335)
	at java.lang.ClassLoader.loadClass(ClassLoader.java:357)
	at org.springframework.util.ClassUtils.forName(ClassUtils.java:274)
	at org.springframework.scheduling.quartz.ResourceLoaderClassLoadHelper.loadClass(ResourceLoaderClassLoadHelper.java:81)
	at org.springframework.scheduling.quartz.ResourceLoaderClassLoadHelper.loadClass(ResourceLoaderClassLoadHelper.java:86)
	at org.quartz.impl.jdbcjobstore.StdJDBCDelegate.selectJobDetail(StdJDBCDelegate.java:852)
	at org.quartz.impl.jdbcjobstore.JobStoreSupport.acquireNextTrigger(JobStoreSupport.java:2816)
	... 5 common frames omitted
ksh_core 172.16.246.60 20181101120500.033 ERROR [T-39] org.quartz.core.ErrorLogger[2425] - An error occurred while scanning for the next triggers to fire.
org.quartz.JobPersistenceException: Couldn't acquire next trigger: com.ycg.ksh.collect.schedule.DaySummaryBeginSchedule
	at org.quartz.impl.jdbcjobstore.JobStoreSupport.acquireNextTrigger(JobStoreSupport.java:2848)
	at org.quartz.impl.jdbcjobstore.JobStoreSupport$40.execute(JobStoreSupport.java:2759)
	at org.quartz.impl.jdbcjobstore.JobStoreSupport$40.execute(JobStoreSupport.java:2757)
	at org.quartz.impl.jdbcjobstore.JobStoreSupport.executeInNonManagedTXLock(JobStoreSupport.java:3787)
	at org.quartz.impl.jdbcjobstore.JobStoreSupport.acquireNextTriggers(JobStoreSupport.java:2756)
	at org.quartz.core.QuartzSchedulerThread.run(QuartzSchedulerThread.java:272)
Caused by: java.lang.ClassNotFoundException: com.ycg.ksh.collect.schedule.DaySummaryBeginSchedule
	at java.net.URLClassLoader.findClass(URLClassLoader.java:381)
	at java.lang.ClassLoader.loadClass(ClassLoader.java:424)
	at sun.misc.Launcher$AppClassLoader.loadClass(Launcher.java:335)
	at java.lang.ClassLoader.loadClass(ClassLoader.java:357)
	at org.springframework.util.ClassUtils.forName(ClassUtils.java:274)
	at org.springframework.scheduling.quartz.ResourceLoaderClassLoadHelper.loadClass(ResourceLoaderClassLoadHelper.java:81)
	at org.springframework.scheduling.quartz.ResourceLoaderClassLoadHelper.loadClass(ResourceLoaderClassLoadHelper.java:86)
	at org.quartz.impl.jdbcjobstore.StdJDBCDelegate.selectJobDetail(StdJDBCDelegate.java:852)
	at org.quartz.impl.jdbcjobstore.JobStoreSupport.acquireNextTrigger(JobStoreSupport.java:2816)
	... 5 common frames omitted
ksh_core 172.16.246.60 20181101121000.031 ERROR [T-39] org.quartz.core.ErrorLogger[2425] - An error occurred while scanning for the next triggers to fire.
org.quartz.JobPersistenceException: Couldn't acquire next trigger: com.ycg.ksh.collect.schedule.DaySummaryBeginSchedule
	at org.quartz.impl.jdbcjobstore.JobStoreSupport.acquireNextTrigger(JobStoreSupport.java:2848)
	at org.quartz.impl.jdbcjobstore.JobStoreSupport$40.execute(JobStoreSupport.java:2759)
	at org.quartz.impl.jdbcjobstore.JobStoreSupport$40.execute(JobStoreSupport.java:2757)
	at org.quartz.impl.jdbcjobstore.JobStoreSupport.executeInNonManagedTXLock(JobStoreSupport.java:3787)
	at org.quartz.impl.jdbcjobstore.JobStoreSupport.acquireNextTriggers(JobStoreSupport.java:2756)
	at org.quartz.core.QuartzSchedulerThread.run(QuartzSchedulerThread.java:272)
Caused by: java.lang.ClassNotFoundException: com.ycg.ksh.collect.schedule.DaySummaryBeginSchedule
	at java.net.URLClassLoader.findClass(URLClassLoader.java:381)
	at java.lang.ClassLoader.loadClass(ClassLoader.java:424)
	at sun.misc.Launcher$AppClassLoader.loadClass(Launcher.java:335)
	at java.lang.ClassLoader.loadClass(ClassLoader.java:357)
	at org.springframework.util.ClassUtils.forName(ClassUtils.java:274)
	at org.springframework.scheduling.quartz.ResourceLoaderClassLoadHelper.loadClass(ResourceLoaderClassLoadHelper.java:81)
	at org.springframework.scheduling.quartz.ResourceLoaderClassLoadHelper.loadClass(ResourceLoaderClassLoadHelper.java:86)
	at org.quartz.impl.jdbcjobstore.StdJDBCDelegate.selectJobDetail(StdJDBCDelegate.java:852)
	at org.quartz.impl.jdbcjobstore.JobStoreSupport.acquireNextTrigger(JobStoreSupport.java:2816)
	... 5 common frames omitted
ksh_core 172.16.246.60 20181101121500.033 ERROR [T-39] org.quartz.core.ErrorLogger[2425] - An error occurred while scanning for the next triggers to fire.
org.quartz.JobPersistenceException: Couldn't acquire next trigger: com.ycg.ksh.collect.schedule.DaySummaryBeginSchedule
	at org.quartz.impl.jdbcjobstore.JobStoreSupport.acquireNextTrigger(JobStoreSupport.java:2848)
	at org.quartz.impl.jdbcjobstore.JobStoreSupport$40.execute(JobStoreSupport.java:2759)
	at org.quartz.impl.jdbcjobstore.JobStoreSupport$40.execute(JobStoreSupport.java:2757)
	at org.quartz.impl.jdbcjobstore.JobStoreSupport.executeInNonManagedTXLock(JobStoreSupport.java:3787)
	at org.quartz.impl.jdbcjobstore.JobStoreSupport.acquireNextTriggers(JobStoreSupport.java:2756)
	at org.quartz.core.QuartzSchedulerThread.run(QuartzSchedulerThread.java:272)
Caused by: java.lang.ClassNotFoundException: com.ycg.ksh.collect.schedule.DaySummaryBeginSchedule
	at java.net.URLClassLoader.findClass(URLClassLoader.java:381)
	at java.lang.ClassLoader.loadClass(ClassLoader.java:424)
	at sun.misc.Launcher$AppClassLoader.loadClass(Launcher.java:335)
	at java.lang.ClassLoader.loadClass(ClassLoader.java:357)
	at org.springframework.util.ClassUtils.forName(ClassUtils.java:274)
	at org.springframework.scheduling.quartz.ResourceLoaderClassLoadHelper.loadClass(ResourceLoaderClassLoadHelper.java:81)
	at org.springframework.scheduling.quartz.ResourceLoaderClassLoadHelper.loadClass(ResourceLoaderClassLoadHelper.java:86)
	at org.quartz.impl.jdbcjobstore.StdJDBCDelegate.selectJobDetail(StdJDBCDelegate.java:852)
	at org.quartz.impl.jdbcjobstore.JobStoreSupport.acquireNextTrigger(JobStoreSupport.java:2816)
	... 5 common frames omitted
ksh_core 172.16.246.60 20181101122000.031 ERROR [T-39] org.quartz.core.ErrorLogger[2425] - An error occurred while scanning for the next triggers to fire.
org.quartz.JobPersistenceException: Couldn't acquire next trigger: com.ycg.ksh.collect.schedule.DaySummaryBeginSchedule
	at org.quartz.impl.jdbcjobstore.JobStoreSupport.acquireNextTrigger(JobStoreSupport.java:2848)
	at org.quartz.impl.jdbcjobstore.JobStoreSupport$40.execute(JobStoreSupport.java:2759)
	at org.quartz.impl.jdbcjobstore.JobStoreSupport$40.execute(JobStoreSupport.java:2757)
	at org.quartz.impl.jdbcjobstore.JobStoreSupport.executeInNonManagedTXLock(JobStoreSupport.java:3787)
	at org.quartz.impl.jdbcjobstore.JobStoreSupport.acquireNextTriggers(JobStoreSupport.java:2756)
	at org.quartz.core.QuartzSchedulerThread.run(QuartzSchedulerThread.java:272)
Caused by: java.lang.ClassNotFoundException: com.ycg.ksh.collect.schedule.DaySummaryBeginSchedule
	at java.net.URLClassLoader.findClass(URLClassLoader.java:381)
	at java.lang.ClassLoader.loadClass(ClassLoader.java:424)
	at sun.misc.Launcher$AppClassLoader.loadClass(Launcher.java:335)
	at java.lang.ClassLoader.loadClass(ClassLoader.java:357)
	at org.springframework.util.ClassUtils.forName(ClassUtils.java:274)
	at org.springframework.scheduling.quartz.ResourceLoaderClassLoadHelper.loadClass(ResourceLoaderClassLoadHelper.java:81)
	at org.springframework.scheduling.quartz.ResourceLoaderClassLoadHelper.loadClass(ResourceLoaderClassLoadHelper.java:86)
	at org.quartz.impl.jdbcjobstore.StdJDBCDelegate.selectJobDetail(StdJDBCDelegate.java:852)
	at org.quartz.impl.jdbcjobstore.JobStoreSupport.acquireNextTrigger(JobStoreSupport.java:2816)
	... 5 common frames omitted
ksh_core 172.16.246.60 20181101122500.034 ERROR [T-39] org.quartz.core.ErrorLogger[2425] - An error occurred while scanning for the next triggers to fire.
org.quartz.JobPersistenceException: Couldn't acquire next trigger: com.ycg.ksh.collect.schedule.DaySummaryBeginSchedule
	at org.quartz.impl.jdbcjobstore.JobStoreSupport.acquireNextTrigger(JobStoreSupport.java:2848)
	at org.quartz.impl.jdbcjobstore.JobStoreSupport$40.execute(JobStoreSupport.java:2759)
	at org.quartz.impl.jdbcjobstore.JobStoreSupport$40.execute(JobStoreSupport.java:2757)
	at org.quartz.impl.jdbcjobstore.JobStoreSupport.executeInNonManagedTXLock(JobStoreSupport.java:3787)
	at org.quartz.impl.jdbcjobstore.JobStoreSupport.acquireNextTriggers(JobStoreSupport.java:2756)
	at org.quartz.core.QuartzSchedulerThread.run(QuartzSchedulerThread.java:272)
Caused by: java.lang.ClassNotFoundException: com.ycg.ksh.collect.schedule.DaySummaryBeginSchedule
	at java.net.URLClassLoader.findClass(URLClassLoader.java:381)
	at java.lang.ClassLoader.loadClass(ClassLoader.java:424)
	at sun.misc.Launcher$AppClassLoader.loadClass(Launcher.java:335)
	at java.lang.ClassLoader.loadClass(ClassLoader.java:357)
	at org.springframework.util.ClassUtils.forName(ClassUtils.java:274)
	at org.springframework.scheduling.quartz.ResourceLoaderClassLoadHelper.loadClass(ResourceLoaderClassLoadHelper.java:81)
	at org.springframework.scheduling.quartz.ResourceLoaderClassLoadHelper.loadClass(ResourceLoaderClassLoadHelper.java:86)
	at org.quartz.impl.jdbcjobstore.StdJDBCDelegate.selectJobDetail(StdJDBCDelegate.java:852)
	at org.quartz.impl.jdbcjobstore.JobStoreSupport.acquireNextTrigger(JobStoreSupport.java:2816)
	... 5 common frames omitted
ksh_core 172.16.246.60 20181101123000.030 ERROR [T-39] org.quartz.core.ErrorLogger[2425] - An error occurred while scanning for the next triggers to fire.
org.quartz.JobPersistenceException: Couldn't acquire next trigger: com.ycg.ksh.collect.schedule.DaySummaryBeginSchedule
	at org.quartz.impl.jdbcjobstore.JobStoreSupport.acquireNextTrigger(JobStoreSupport.java:2848)
	at org.quartz.impl.jdbcjobstore.JobStoreSupport$40.execute(JobStoreSupport.java:2759)
	at org.quartz.impl.jdbcjobstore.JobStoreSupport$40.execute(JobStoreSupport.java:2757)
	at org.quartz.impl.jdbcjobstore.JobStoreSupport.executeInNonManagedTXLock(JobStoreSupport.java:3787)
	at org.quartz.impl.jdbcjobstore.JobStoreSupport.acquireNextTriggers(JobStoreSupport.java:2756)
	at org.quartz.core.QuartzSchedulerThread.run(QuartzSchedulerThread.java:272)
Caused by: java.lang.ClassNotFoundException: com.ycg.ksh.collect.schedule.DaySummaryBeginSchedule
	at java.net.URLClassLoader.findClass(URLClassLoader.java:381)
	at java.lang.ClassLoader.loadClass(ClassLoader.java:424)
	at sun.misc.Launcher$AppClassLoader.loadClass(Launcher.java:335)
	at java.lang.ClassLoader.loadClass(ClassLoader.java:357)
	at org.springframework.util.ClassUtils.forName(ClassUtils.java:274)
	at org.springframework.scheduling.quartz.ResourceLoaderClassLoadHelper.loadClass(ResourceLoaderClassLoadHelper.java:81)
	at org.springframework.scheduling.quartz.ResourceLoaderClassLoadHelper.loadClass(ResourceLoaderClassLoadHelper.java:86)
	at org.quartz.impl.jdbcjobstore.StdJDBCDelegate.selectJobDetail(StdJDBCDelegate.java:852)
	at org.quartz.impl.jdbcjobstore.JobStoreSupport.acquireNextTrigger(JobStoreSupport.java:2816)
	... 5 common frames omitted
ksh_core 172.16.246.60 20181101123500.034 ERROR [T-39] org.quartz.core.ErrorLogger[2425] - An error occurred while scanning for the next triggers to fire.
org.quartz.JobPersistenceException: Couldn't acquire next trigger: com.ycg.ksh.collect.schedule.DaySummaryBeginSchedule
	at org.quartz.impl.jdbcjobstore.JobStoreSupport.acquireNextTrigger(JobStoreSupport.java:2848)
	at org.quartz.impl.jdbcjobstore.JobStoreSupport$40.execute(JobStoreSupport.java:2759)
	at org.quartz.impl.jdbcjobstore.JobStoreSupport$40.execute(JobStoreSupport.java:2757)
	at org.quartz.impl.jdbcjobstore.JobStoreSupport.executeInNonManagedTXLock(JobStoreSupport.java:3787)
	at org.quartz.impl.jdbcjobstore.JobStoreSupport.acquireNextTriggers(JobStoreSupport.java:2756)
	at org.quartz.core.QuartzSchedulerThread.run(QuartzSchedulerThread.java:272)
Caused by: java.lang.ClassNotFoundException: com.ycg.ksh.collect.schedule.DaySummaryBeginSchedule
	at java.net.URLClassLoader.findClass(URLClassLoader.java:381)
	at java.lang.ClassLoader.loadClass(ClassLoader.java:424)
	at sun.misc.Launcher$AppClassLoader.loadClass(Launcher.java:335)
	at java.lang.ClassLoader.loadClass(ClassLoader.java:357)
	at org.springframework.util.ClassUtils.forName(ClassUtils.java:274)
	at org.springframework.scheduling.quartz.ResourceLoaderClassLoadHelper.loadClass(ResourceLoaderClassLoadHelper.java:81)
	at org.springframework.scheduling.quartz.ResourceLoaderClassLoadHelper.loadClass(ResourceLoaderClassLoadHelper.java:86)
	at org.quartz.impl.jdbcjobstore.StdJDBCDelegate.selectJobDetail(StdJDBCDelegate.java:852)
	at org.quartz.impl.jdbcjobstore.JobStoreSupport.acquireNextTrigger(JobStoreSupport.java:2816)
	... 5 common frames omitted
ksh_core 172.16.246.60 20181101124500.035 ERROR [T-39] org.quartz.core.ErrorLogger[2425] - An error occurred while scanning for the next triggers to fire.
org.quartz.JobPersistenceException: Couldn't acquire next trigger: com.ycg.ksh.collect.schedule.DaySummaryBeginSchedule
	at org.quartz.impl.jdbcjobstore.JobStoreSupport.acquireNextTrigger(JobStoreSupport.java:2848)
	at org.quartz.impl.jdbcjobstore.JobStoreSupport$40.execute(JobStoreSupport.java:2759)
	at org.quartz.impl.jdbcjobstore.JobStoreSupport$40.execute(JobStoreSupport.java:2757)
	at org.quartz.impl.jdbcjobstore.JobStoreSupport.executeInNonManagedTXLock(JobStoreSupport.java:3787)
	at org.quartz.impl.jdbcjobstore.JobStoreSupport.acquireNextTriggers(JobStoreSupport.java:2756)
	at org.quartz.core.QuartzSchedulerThread.run(QuartzSchedulerThread.java:272)
Caused by: java.lang.ClassNotFoundException: com.ycg.ksh.collect.schedule.DaySummaryBeginSchedule
	at java.net.URLClassLoader.findClass(URLClassLoader.java:381)
	at java.lang.ClassLoader.loadClass(ClassLoader.java:424)
	at sun.misc.Launcher$AppClassLoader.loadClass(Launcher.java:335)
	at java.lang.ClassLoader.loadClass(ClassLoader.java:357)
	at org.springframework.util.ClassUtils.forName(ClassUtils.java:274)
	at org.springframework.scheduling.quartz.ResourceLoaderClassLoadHelper.loadClass(ResourceLoaderClassLoadHelper.java:81)
	at org.springframework.scheduling.quartz.ResourceLoaderClassLoadHelper.loadClass(ResourceLoaderClassLoadHelper.java:86)
	at org.quartz.impl.jdbcjobstore.StdJDBCDelegate.selectJobDetail(StdJDBCDelegate.java:852)
	at org.quartz.impl.jdbcjobstore.JobStoreSupport.acquireNextTrigger(JobStoreSupport.java:2816)
	... 5 common frames omitted
ksh_core 172.16.246.60 20181101125000.029 ERROR [T-39] org.quartz.core.ErrorLogger[2425] - An error occurred while scanning for the next triggers to fire.
org.quartz.JobPersistenceException: Couldn't acquire next trigger: com.ycg.ksh.collect.schedule.DaySummaryBeginSchedule
	at org.quartz.impl.jdbcjobstore.JobStoreSupport.acquireNextTrigger(JobStoreSupport.java:2848)
	at org.quartz.impl.jdbcjobstore.JobStoreSupport$40.execute(JobStoreSupport.java:2759)
	at org.quartz.impl.jdbcjobstore.JobStoreSupport$40.execute(JobStoreSupport.java:2757)
	at org.quartz.impl.jdbcjobstore.JobStoreSupport.executeInNonManagedTXLock(JobStoreSupport.java:3787)
	at org.quartz.impl.jdbcjobstore.JobStoreSupport.acquireNextTriggers(JobStoreSupport.java:2756)
	at org.quartz.core.QuartzSchedulerThread.run(QuartzSchedulerThread.java:272)
Caused by: java.lang.ClassNotFoundException: com.ycg.ksh.collect.schedule.DaySummaryBeginSchedule
	at java.net.URLClassLoader.findClass(URLClassLoader.java:381)
	at java.lang.ClassLoader.loadClass(ClassLoader.java:424)
	at sun.misc.Launcher$AppClassLoader.loadClass(Launcher.java:335)
	at java.lang.ClassLoader.loadClass(ClassLoader.java:357)
	at org.springframework.util.ClassUtils.forName(ClassUtils.java:274)
	at org.springframework.scheduling.quartz.ResourceLoaderClassLoadHelper.loadClass(ResourceLoaderClassLoadHelper.java:81)
	at org.springframework.scheduling.quartz.ResourceLoaderClassLoadHelper.loadClass(ResourceLoaderClassLoadHelper.java:86)
	at org.quartz.impl.jdbcjobstore.StdJDBCDelegate.selectJobDetail(StdJDBCDelegate.java:852)
	at org.quartz.impl.jdbcjobstore.JobStoreSupport.acquireNextTrigger(JobStoreSupport.java:2816)
	... 5 common frames omitted
ksh_core 172.16.246.60 20181101125500.031 ERROR [T-39] org.quartz.core.ErrorLogger[2425] - An error occurred while scanning for the next triggers to fire.
org.quartz.JobPersistenceException: Couldn't acquire next trigger: com.ycg.ksh.collect.schedule.DaySummaryBeginSchedule
	at org.quartz.impl.jdbcjobstore.JobStoreSupport.acquireNextTrigger(JobStoreSupport.java:2848)
	at org.quartz.impl.jdbcjobstore.JobStoreSupport$40.execute(JobStoreSupport.java:2759)
	at org.quartz.impl.jdbcjobstore.JobStoreSupport$40.execute(JobStoreSupport.java:2757)
	at org.quartz.impl.jdbcjobstore.JobStoreSupport.executeInNonManagedTXLock(JobStoreSupport.java:3787)
	at org.quartz.impl.jdbcjobstore.JobStoreSupport.acquireNextTriggers(JobStoreSupport.java:2756)
	at org.quartz.core.QuartzSchedulerThread.run(QuartzSchedulerThread.java:272)
Caused by: java.lang.ClassNotFoundException: com.ycg.ksh.collect.schedule.DaySummaryBeginSchedule
	at java.net.URLClassLoader.findClass(URLClassLoader.java:381)
	at java.lang.ClassLoader.loadClass(ClassLoader.java:424)
	at sun.misc.Launcher$AppClassLoader.loadClass(Launcher.java:335)
	at java.lang.ClassLoader.loadClass(ClassLoader.java:357)
	at org.springframework.util.ClassUtils.forName(ClassUtils.java:274)
	at org.springframework.scheduling.quartz.ResourceLoaderClassLoadHelper.loadClass(ResourceLoaderClassLoadHelper.java:81)
	at org.springframework.scheduling.quartz.ResourceLoaderClassLoadHelper.loadClass(ResourceLoaderClassLoadHelper.java:86)
	at org.quartz.impl.jdbcjobstore.StdJDBCDelegate.selectJobDetail(StdJDBCDelegate.java:852)
	at org.quartz.impl.jdbcjobstore.JobStoreSupport.acquireNextTrigger(JobStoreSupport.java:2816)
	... 5 common frames omitted
ksh_core 172.16.246.60 20181101130000.034 ERROR [T-39] org.quartz.core.ErrorLogger[2425] - An error occurred while scanning for the next triggers to fire.
org.quartz.JobPersistenceException: Couldn't acquire next trigger: com.ycg.ksh.collect.schedule.DaySummaryBeginSchedule
	at org.quartz.impl.jdbcjobstore.JobStoreSupport.acquireNextTrigger(JobStoreSupport.java:2848)
	at org.quartz.impl.jdbcjobstore.JobStoreSupport$40.execute(JobStoreSupport.java:2759)
	at org.quartz.impl.jdbcjobstore.JobStoreSupport$40.execute(JobStoreSupport.java:2757)
	at org.quartz.impl.jdbcjobstore.JobStoreSupport.executeInNonManagedTXLock(JobStoreSupport.java:3787)
	at org.quartz.impl.jdbcjobstore.JobStoreSupport.acquireNextTriggers(JobStoreSupport.java:2756)
	at org.quartz.core.QuartzSchedulerThread.run(QuartzSchedulerThread.java:272)
Caused by: java.lang.ClassNotFoundException: com.ycg.ksh.collect.schedule.DaySummaryBeginSchedule
	at java.net.URLClassLoader.findClass(URLClassLoader.java:381)
	at java.lang.ClassLoader.loadClass(ClassLoader.java:424)
	at sun.misc.Launcher$AppClassLoader.loadClass(Launcher.java:335)
	at java.lang.ClassLoader.loadClass(ClassLoader.java:357)
	at org.springframework.util.ClassUtils.forName(ClassUtils.java:274)
	at org.springframework.scheduling.quartz.ResourceLoaderClassLoadHelper.loadClass(ResourceLoaderClassLoadHelper.java:81)
	at org.springframework.scheduling.quartz.ResourceLoaderClassLoadHelper.loadClass(ResourceLoaderClassLoadHelper.java:86)
	at org.quartz.impl.jdbcjobstore.StdJDBCDelegate.selectJobDetail(StdJDBCDelegate.java:852)
	at org.quartz.impl.jdbcjobstore.JobStoreSupport.acquireNextTrigger(JobStoreSupport.java:2816)
	... 5 common frames omitted
ksh_core 172.16.246.60 20181101130500.031 ERROR [T-39] org.quartz.core.ErrorLogger[2425] - An error occurred while scanning for the next triggers to fire.
org.quartz.JobPersistenceException: Couldn't acquire next trigger: com.ycg.ksh.collect.schedule.DaySummaryBeginSchedule
	at org.quartz.impl.jdbcjobstore.JobStoreSupport.acquireNextTrigger(JobStoreSupport.java:2848)
	at org.quartz.impl.jdbcjobstore.JobStoreSupport$40.execute(JobStoreSupport.java:2759)
	at org.quartz.impl.jdbcjobstore.JobStoreSupport$40.execute(JobStoreSupport.java:2757)
	at org.quartz.impl.jdbcjobstore.JobStoreSupport.executeInNonManagedTXLock(JobStoreSupport.java:3787)
	at org.quartz.impl.jdbcjobstore.JobStoreSupport.acquireNextTriggers(JobStoreSupport.java:2756)
	at org.quartz.core.QuartzSchedulerThread.run(QuartzSchedulerThread.java:272)
Caused by: java.lang.ClassNotFoundException: com.ycg.ksh.collect.schedule.DaySummaryBeginSchedule
	at java.net.URLClassLoader.findClass(URLClassLoader.java:381)
	at java.lang.ClassLoader.loadClass(ClassLoader.java:424)
	at sun.misc.Launcher$AppClassLoader.loadClass(Launcher.java:335)
	at java.lang.ClassLoader.loadClass(ClassLoader.java:357)
	at org.springframework.util.ClassUtils.forName(ClassUtils.java:274)
	at org.springframework.scheduling.quartz.ResourceLoaderClassLoadHelper.loadClass(ResourceLoaderClassLoadHelper.java:81)
	at org.springframework.scheduling.quartz.ResourceLoaderClassLoadHelper.loadClass(ResourceLoaderClassLoadHelper.java:86)
	at org.quartz.impl.jdbcjobstore.StdJDBCDelegate.selectJobDetail(StdJDBCDelegate.java:852)
	at org.quartz.impl.jdbcjobstore.JobStoreSupport.acquireNextTrigger(JobStoreSupport.java:2816)
	... 5 common frames omitted
ksh_core 172.16.246.60 20181101131000.033 ERROR [T-39] org.quartz.core.ErrorLogger[2425] - An error occurred while scanning for the next triggers to fire.
org.quartz.JobPersistenceException: Couldn't acquire next trigger: com.ycg.ksh.collect.schedule.DaySummaryBeginSchedule
	at org.quartz.impl.jdbcjobstore.JobStoreSupport.acquireNextTrigger(JobStoreSupport.java:2848)
	at org.quartz.impl.jdbcjobstore.JobStoreSupport$40.execute(JobStoreSupport.java:2759)
	at org.quartz.impl.jdbcjobstore.JobStoreSupport$40.execute(JobStoreSupport.java:2757)
	at org.quartz.impl.jdbcjobstore.JobStoreSupport.executeInNonManagedTXLock(JobStoreSupport.java:3787)
	at org.quartz.impl.jdbcjobstore.JobStoreSupport.acquireNextTriggers(JobStoreSupport.java:2756)
	at org.quartz.core.QuartzSchedulerThread.run(QuartzSchedulerThread.java:272)
Caused by: java.lang.ClassNotFoundException: com.ycg.ksh.collect.schedule.DaySummaryBeginSchedule
	at java.net.URLClassLoader.findClass(URLClassLoader.java:381)
	at java.lang.ClassLoader.loadClass(ClassLoader.java:424)
	at sun.misc.Launcher$AppClassLoader.loadClass(Launcher.java:335)
	at java.lang.ClassLoader.loadClass(ClassLoader.java:357)
	at org.springframework.util.ClassUtils.forName(ClassUtils.java:274)
	at org.springframework.scheduling.quartz.ResourceLoaderClassLoadHelper.loadClass(ResourceLoaderClassLoadHelper.java:81)
	at org.springframework.scheduling.quartz.ResourceLoaderClassLoadHelper.loadClass(ResourceLoaderClassLoadHelper.java:86)
	at org.quartz.impl.jdbcjobstore.StdJDBCDelegate.selectJobDetail(StdJDBCDelegate.java:852)
	at org.quartz.impl.jdbcjobstore.JobStoreSupport.acquireNextTrigger(JobStoreSupport.java:2816)
	... 5 common frames omitted
ksh_core 172.16.246.60 20181101131041.310 ERROR [T-62] com.ycg.ksh.service.api.WechatService[299] - 用户行为发送微信消息异常 -> No provider available from registry 172.16.235.14:2181 for service com.ycg.ksh.adapter.api.MessageQueueService:1.0.0 on consumer 172.16.246.60 use dubbo version 2.0.1, please check status of providers(disabled, not registered or in blacklist).
com.alibaba.dubbo.rpc.RpcException: No provider available from registry 172.16.235.14:2181 for service com.ycg.ksh.adapter.api.MessageQueueService:1.0.0 on consumer 172.16.246.60 use dubbo version 2.0.1, please check status of providers(disabled, not registered or in blacklist).
	at com.alibaba.dubbo.registry.integration.RegistryDirectory.doList(RegistryDirectory.java:572)
	at com.alibaba.dubbo.rpc.cluster.directory.AbstractDirectory.list(AbstractDirectory.java:73)
	at com.alibaba.dubbo.rpc.cluster.support.AbstractClusterInvoker.list(AbstractClusterInvoker.java:265)
	at com.alibaba.dubbo.rpc.cluster.support.AbstractClusterInvoker.invoke(AbstractClusterInvoker.java:224)
	at com.alibaba.dubbo.rpc.cluster.support.wrapper.MockClusterInvoker.invoke(MockClusterInvoker.java:70)
	at com.alibaba.dubbo.rpc.proxy.InvokerInvocationHandler.invoke(InvokerInvocationHandler.java:51)
	at com.alibaba.dubbo.common.bytecode.proxy2.sendNetMessage(proxy2.java)
	at com.ycg.ksh.service.impl.WechatServiceImpl.notifyUserChange(WechatServiceImpl.java:295)
	at com.ycg.ksh.service.impl.UserServiceImpl.noticeUserObserverAdapter(UserServiceImpl.java:355)
	at com.ycg.ksh.service.impl.UserServiceImpl.login(UserServiceImpl.java:289)
	at com.alibaba.dubbo.common.bytecode.Wrapper7.invokeMethod(Wrapper7.java)
	at com.alibaba.dubbo.rpc.proxy.javassist.JavassistProxyFactory$1.doInvoke(JavassistProxyFactory.java:45)
	at com.alibaba.dubbo.rpc.proxy.AbstractProxyInvoker.invoke(AbstractProxyInvoker.java:71)
	at com.alibaba.dubbo.config.invoker.DelegateProviderMetaDataInvoker.invoke(DelegateProviderMetaDataInvoker.java:48)
	at com.alibaba.dubbo.rpc.protocol.InvokerWrapper.invoke(InvokerWrapper.java:52)
	at com.alibaba.dubbo.rpc.filter.ExceptionFilter.invoke(ExceptionFilter.java:61)
	at com.alibaba.dubbo.rpc.protocol.ProtocolFilterWrapper$1.invoke(ProtocolFilterWrapper.java:68)
	at com.alibaba.dubbo.monitor.support.MonitorFilter.invoke(MonitorFilter.java:74)
	at com.alibaba.dubbo.rpc.protocol.ProtocolFilterWrapper$1.invoke(ProtocolFilterWrapper.java:68)
	at com.alibaba.dubbo.rpc.filter.TimeoutFilter.invoke(TimeoutFilter.java:41)
	at com.alibaba.dubbo.rpc.protocol.ProtocolFilterWrapper$1.invoke(ProtocolFilterWrapper.java:68)
	at com.alibaba.dubbo.rpc.filter.AccessLogFilter.invoke(AccessLogFilter.java:154)
	at com.alibaba.dubbo.rpc.protocol.ProtocolFilterWrapper$1.invoke(ProtocolFilterWrapper.java:68)
	at com.alibaba.dubbo.rpc.protocol.dubbo.filter.TraceFilter.invoke(TraceFilter.java:77)
	at com.alibaba.dubbo.rpc.protocol.ProtocolFilterWrapper$1.invoke(ProtocolFilterWrapper.java:68)
	at com.alibaba.dubbo.rpc.filter.ContextFilter.invoke(ContextFilter.java:60)
	at com.alibaba.dubbo.rpc.protocol.ProtocolFilterWrapper$1.invoke(ProtocolFilterWrapper.java:68)
	at com.alibaba.dubbo.rpc.filter.GenericFilter.invoke(GenericFilter.java:131)
	at com.alibaba.dubbo.rpc.protocol.ProtocolFilterWrapper$1.invoke(ProtocolFilterWrapper.java:68)
	at com.alibaba.dubbo.rpc.filter.ClassLoaderFilter.invoke(ClassLoaderFilter.java:37)
	at com.alibaba.dubbo.rpc.protocol.ProtocolFilterWrapper$1.invoke(ProtocolFilterWrapper.java:68)
	at com.alibaba.dubbo.rpc.filter.EchoFilter.invoke(EchoFilter.java:37)
	at com.alibaba.dubbo.rpc.protocol.ProtocolFilterWrapper$1.invoke(ProtocolFilterWrapper.java:68)
	at com.alibaba.dubbo.rpc.protocol.dubbo.DubboProtocol$1.reply(DubboProtocol.java:95)
	at com.alibaba.dubbo.remoting.exchange.support.header.HeaderExchangeHandler.handleRequest(HeaderExchangeHandler.java:96)
	at com.alibaba.dubbo.remoting.exchange.support.header.HeaderExchangeHandler.received(HeaderExchangeHandler.java:168)
	at com.alibaba.dubbo.remoting.transport.DecodeHandler.received(DecodeHandler.java:50)
	at com.alibaba.dubbo.remoting.transport.dispatcher.ChannelEventRunnable.run(ChannelEventRunnable.java:79)
	at java.util.concurrent.ThreadPoolExecutor.runWorker(ThreadPoolExecutor.java:1142)
	at java.util.concurrent.ThreadPoolExecutor$Worker.run(ThreadPoolExecutor.java:617)
	at java.lang.Thread.run(Thread.java:748)
